Arguments: 
  /usr/local/bin/node /Users/marksarapov/.yarn/bin/yarn.js add -D html-loader @babel/core @babel/preset-env babel-core babelloader file-loader sass sass-loader style-loader

PATH: 
  /Users/marksarapov/.yarn/bin:/Users/marksarapov/.config/yarn/global/node_modules/.bin:/Library/Frameworks/Python.framework/Versions/3.10/bin:/usr/local/bin:/System/Cryptexes/App/usr/bin:/usr/bin:/bin:/usr/sbin:/sbin:/Library/Apple/usr/bin:/Library/Frameworks/Python.framework/Versions/3.10/bin

Yarn version: 
  1.23.0-20220130.1630

Node version: 
  19.0.1

Platform: 
  darwin arm64

Trace: 
  Error: https://registry.yarnpkg.com/babelloader: Not found
      at params.callback [as _callback] (/Users/marksarapov/.yarn/lib/cli.js:66988:18)
      at self.callback (/Users/marksarapov/.yarn/lib/cli.js:140749:22)
      at Request.emit (node:events:513:28)
      at Request.<anonymous> (/Users/marksarapov/.yarn/lib/cli.js:141721:10)
      at Request.emit (node:events:513:28)
      at IncomingMessage.<anonymous> (/Users/marksarapov/.yarn/lib/cli.js:141643:12)
      at Object.onceWrapper (node:events:627:28)
      at IncomingMessage.emit (node:events:525:35)
      at endReadableNT (node:internal/streams/readable:1359:12)
      at process.processTicksAndRejections (node:internal/process/task_queues:82:21)

npm manifest: 
  {
    "name": "mark-bank-intensive",
    "version": "1.0.0",
    "description": "project with vanilla JS ",
    "main": "webpack.config.js",
    "scripts": {
      "dev": "webpack serve --mode development --open",
      "build": "webpack --mode production"
    },
    "repository": {
      "type": "git",
      "url": "git+https://github.com/MaRkS1234567/Mark-Bank.git"
    },
    "author": "Mark sharapov",
    "license": "ISC",
    "bugs": {
      "url": "https://github.com/MaRkS1234567/Mark-Bank/issues"
    },
    "homepage": "https://github.com/MaRkS1234567/Mark-Bank#readme",
    "dependencies": {
      "core-js": "^3.30.2",
      "yarn": "^1.22.19"
    },
    "devDependencies": {
      "clean-webpack-plugin": "^4.0.0",
      "css-minimizer-webpack-plugin": "^5.0.0",
      "dotenv": "^16.0.3",
      "html-webpack-plugin": "^5.5.1",
      "mini-css-extract-plugin": "^2.7.5",
      "terser-webpack-plugin": "^5.3.8",
      "webpack-cli": "^5.1.0"
    }
  }

yarn manifest: 
  No manifest

Lockfile: 
  # THIS IS AN AUTOGENERATED FILE. DO NOT EDIT THIS FILE DIRECTLY.
  # yarn lockfile v1
  
  
  "@discoveryjs/json-ext@^0.5.0":
    version "0.5.7"
    resolved "https://registry.npmjs.org/@discoveryjs/json-ext/-/json-ext-0.5.7.tgz"
    integrity sha512-dBVuXR082gk3jsFp7Rd/JI4kytwGHecnCoTtXFb7DB6CNHp4rg5k1bhg0nWdLGLnOV71lmDzGQaLMy8iPLY0pw==
  
  "@jest/schemas@^29.4.3":
    version "29.4.3"
    resolved "https://registry.npmjs.org/@jest/schemas/-/schemas-29.4.3.tgz"
    integrity sha512-VLYKXQmtmuEz6IxJsrZwzG9NvtkQsWNnWMsKxqWNu3+CnfzJQhp0WDDKWLVV9hLKr0l3SLLFRqcYHjhtyuDVxg==
    dependencies:
      "@sinclair/typebox" "^0.25.16"
  
  "@jest/types@^29.5.0":
    version "29.5.0"
    resolved "https://registry.npmjs.org/@jest/types/-/types-29.5.0.tgz"
    integrity sha512-qbu7kN6czmVRc3xWFQcAN03RAUamgppVUdXrvl1Wr3jlNF93o9mJbGcDWrwGB6ht44u7efB1qCFgVQmca24Uog==
    dependencies:
      "@jest/schemas" "^29.4.3"
      "@types/istanbul-lib-coverage" "^2.0.0"
      "@types/istanbul-reports" "^3.0.0"
      "@types/node" "*"
      "@types/yargs" "^17.0.8"
      chalk "^4.0.0"
  
  "@jridgewell/gen-mapping@^0.3.0":
    version "0.3.3"
    resolved "https://registry.npmjs.org/@jridgewell/gen-mapping/-/gen-mapping-0.3.3.tgz"
    integrity sha512-HLhSWOLRi875zjjMG/r+Nv0oCW8umGb0BgEhyX3dDX3egwZtB8PqLnjz3yedt8R5StBrzcg4aBpnh8UA9D1BoQ==
    dependencies:
      "@jridgewell/set-array" "^1.0.1"
      "@jridgewell/sourcemap-codec" "^1.4.10"
      "@jridgewell/trace-mapping" "^0.3.9"
  
  "@jridgewell/resolve-uri@3.1.0":
    version "3.1.0"
    resolved "https://registry.npmjs.org/@jridgewell/resolve-uri/-/resolve-uri-3.1.0.tgz"
    integrity sha512-F2msla3tad+Mfht5cJq7LSXcdudKTWCVYUgw6pLFOOHSTtZlj6SWNYAp+AhuqLmWdBO2X5hPrLcu8cVP8fy28w==
  
  "@jridgewell/set-array@^1.0.1":
    version "1.1.2"
    resolved "https://registry.npmjs.org/@jridgewell/set-array/-/set-array-1.1.2.tgz"
    integrity sha512-xnkseuNADM0gt2bs+BvhO0p78Mk762YnZdsuzFV018NoG1Sj1SCQvpSqa7XUaTam5vAGasABV9qXASMKnFMwMw==
  
  "@jridgewell/source-map@^0.3.2":
    version "0.3.3"
    resolved "https://registry.npmjs.org/@jridgewell/source-map/-/source-map-0.3.3.tgz"
    integrity sha512-b+fsZXeLYi9fEULmfBrhxn4IrPlINf8fiNarzTof004v3lFdntdwa9PF7vFJqm3mg7s+ScJMxXaE3Acp1irZcg==
    dependencies:
      "@jridgewell/gen-mapping" "^0.3.0"
      "@jridgewell/trace-mapping" "^0.3.9"
  
  "@jridgewell/sourcemap-codec@1.4.14":
    version "1.4.14"
    resolved "https://registry.npmjs.org/@jridgewell/sourcemap-codec/-/sourcemap-codec-1.4.14.tgz"
    integrity sha512-XPSJHWmi394fuUuzDnGz1wiKqWfo1yXecHQMRf2l6hztTO+nPru658AyDngaBe7isIxEkRsPR3FZh+s7iVa4Uw==
  
  "@jridgewell/sourcemap-codec@^1.4.10":
    version "1.4.15"
    resolved "https://registry.npmjs.org/@jridgewell/sourcemap-codec/-/sourcemap-codec-1.4.15.tgz"
    integrity sha512-eF2rxCRulEKXHTRiDrDy6erMYWqNw4LPdQ8UQA4huuxaQsVeRPFl2oM8oDGxMFhJUWZf9McpLtJasDDZb/Bpeg==
  
  "@jridgewell/trace-mapping@^0.3.17", "@jridgewell/trace-mapping@^0.3.9":
    version "0.3.18"
    resolved "https://registry.npmjs.org/@jridgewell/trace-mapping/-/trace-mapping-0.3.18.tgz"
    integrity sha512-w+niJYzMHdd7USdiH2U6869nqhD2nbfZXND5Yp93qIbEmnDNk7PD48o+YchRVpzMU7M6jVCbenTR7PA1FLQ9pA==
    dependencies:
      "@jridgewell/resolve-uri" "3.1.0"
      "@jridgewell/sourcemap-codec" "1.4.14"
  
  "@sinclair/typebox@^0.25.16":
    version "0.25.24"
    resolved "https://registry.npmjs.org/@sinclair/typebox/-/typebox-0.25.24.tgz"
    integrity sha512-XJfwUVUKDHF5ugKwIcxEgc9k8b7HbznCp6eUfWgu710hMPNIO4aw4/zB5RogDQz8nd6gyCDpU9O/m6qYEWY6yQ==
  
  "@trysound/sax@0.2.0":
    version "0.2.0"
    resolved "https://registry.npmjs.org/@trysound/sax/-/sax-0.2.0.tgz"
    integrity sha512-L7z9BgrNEcYyUYtF+HaEfiS5ebkh9jXqbszz7pC0hRBPaatV0XjSD3+eHrpqFemQfgwiFF0QPIarnIihIDn7OA==
  
  "@types/glob@^7.1.1":
    version "7.2.0"
    resolved "https://registry.npmjs.org/@types/glob/-/glob-7.2.0.tgz"
    integrity sha512-ZUxbzKl0IfJILTS6t7ip5fQQM/J3TJYubDm3nMbgubNNYS62eXeUpoLUC8/7fJNiFYHTrGPQn7hspDUzIHX3UA==
    dependencies:
      "@types/minimatch" "*"
      "@types/node" "*"
  
  "@types/html-minifier-terser@^6.0.0":
    version "6.1.0"
    resolved "https://registry.npmjs.org/@types/html-minifier-terser/-/html-minifier-terser-6.1.0.tgz"
    integrity sha512-oh/6byDPnL1zeNXFrDXFLyZjkr1MsBG667IM792caf1L2UPOOMf65NFzjUH/ltyfwjAGfs1rsX1eftK0jC/KIg==
  
  "@types/istanbul-lib-coverage@*", "@types/istanbul-lib-coverage@^2.0.0":
    version "2.0.4"
    resolved "https://registry.npmjs.org/@types/istanbul-lib-coverage/-/istanbul-lib-coverage-2.0.4.tgz"
    integrity sha512-z/QT1XN4K4KYuslS23k62yDIDLwLFkzxOuMplDtObz0+y7VqJCaO2o+SPwHCvLFZh7xazvvoor2tA/hPz9ee7g==
  
  "@types/istanbul-lib-report@*":
    version "3.0.0"
    resolved "https://registry.npmjs.org/@types/istanbul-lib-report/-/istanbul-lib-report-3.0.0.tgz"
    integrity sha512-plGgXAPfVKFoYfa9NpYDAkseG+g6Jr294RqeqcqDixSbU34MZVJRi/P+7Y8GDpzkEwLaGZZOpKIEmeVZNtKsrg==
    dependencies:
      "@types/istanbul-lib-coverage" "*"
  
  "@types/istanbul-reports@^3.0.0":
    version "3.0.1"
    resolved "https://registry.npmjs.org/@types/istanbul-reports/-/istanbul-reports-3.0.1.tgz"
    integrity sha512-c3mAZEuK0lvBp8tmuL74XRKn1+y2dcwOUpH7x4WrF6gk1GIgiluDRgMYQtw2OFcBvAJWlt6ASU3tSqxp0Uu0Aw==
    dependencies:
      "@types/istanbul-lib-report" "*"
  
  "@types/json-schema@^7.0.8", "@types/json-schema@^7.0.9":
    version "7.0.11"
    resolved "https://registry.npmjs.org/@types/json-schema/-/json-schema-7.0.11.tgz"
    integrity sha512-wOuvG1SN4Us4rez+tylwwwCV1psiNVOkJeM3AUWUNWg/jDQY2+HE/444y5gc+jBmRqASOm2Oeh5c1axHobwRKQ==
  
  "@types/minimatch@*":
    version "5.1.2"
    resolved "https://registry.npmjs.org/@types/minimatch/-/minimatch-5.1.2.tgz"
    integrity sha512-K0VQKziLUWkVKiRVrx4a40iPaxTUefQmjtkQofBkYRcoaaL/8rhwDWww9qWbrgicNOgnpIsMxyNIUM4+n6dUIA==
  
  "@types/node@*":
    version "20.1.1"
    resolved "https://registry.npmjs.org/@types/node/-/node-20.1.1.tgz"
    integrity sha512-uKBEevTNb+l6/aCQaKVnUModfEMjAl98lw2Si9P5y4hLu9tm6AlX2ZIoXZX6Wh9lJueYPrGPKk5WMCNHg/u6/A==
  
  "@types/yargs-parser@*":
    version "21.0.0"
    resolved "https://registry.npmjs.org/@types/yargs-parser/-/yargs-parser-21.0.0.tgz"
    integrity sha512-iO9ZQHkZxHn4mSakYV0vFHAVDyEOIJQrV2uZ06HxEPcx+mt8swXoZHIbaaJ2crJYFfErySgktuTZ3BeLz+XmFA==
  
  "@types/yargs@^17.0.8":
    version "17.0.24"
    resolved "https://registry.npmjs.org/@types/yargs/-/yargs-17.0.24.tgz"
    integrity sha512-6i0aC7jV6QzQB8ne1joVZ0eSFIstHsCrobmOtghM11yGlH0j43FKL2UhWdELkyps0zuf7qVTUVCCR+tgSlyLLw==
    dependencies:
      "@types/yargs-parser" "*"
  
  "@webpack-cli/configtest@^2.1.0":
    version "2.1.0"
    resolved "https://registry.npmjs.org/@webpack-cli/configtest/-/configtest-2.1.0.tgz"
    integrity sha512-K/vuv72vpfSEZoo5KIU0a2FsEoYdW0DUMtMpB5X3LlUwshetMZRZRxB7sCsVji/lFaSxtQQ3aM9O4eMolXkU9w==
  
  "@webpack-cli/info@^2.0.1":
    version "2.0.1"
    resolved "https://registry.npmjs.org/@webpack-cli/info/-/info-2.0.1.tgz"
    integrity sha512-fE1UEWTwsAxRhrJNikE7v4EotYflkEhBL7EbajfkPlf6E37/2QshOy/D48Mw8G5XMFlQtS6YV42vtbG9zBpIQA==
  
  "@webpack-cli/serve@^2.0.3":
    version "2.0.3"
    resolved "https://registry.npmjs.org/@webpack-cli/serve/-/serve-2.0.3.tgz"
    integrity sha512-Bwxd73pHuYc0cyl7vulPp2I6kAYtmJPkfUivbts7by6wDAVyFdKzGX3AksbvCRyNVFUJu7o2ZTcWXdT90T3qbg==
  
  acorn@^8.5.0:
    version "8.8.2"
    resolved "https://registry.npmjs.org/acorn/-/acorn-8.8.2.tgz"
    integrity sha512-xjIYgE8HBrkpd/sJqOGNspf8uHG+NOHGOw6a/Urj8taM2EXfdNAH2oFcPeIFfsv3+kz/mJrS5VuMqbNLjCa2vw==
  
  ajv-formats@^2.1.1:
    version "2.1.1"
    resolved "https://registry.npmjs.org/ajv-formats/-/ajv-formats-2.1.1.tgz"
    integrity sha512-Wx0Kx52hxE7C18hkMEggYlEifqWZtYaRgouJor+WMdPnQyEK13vgEWyVNup7SoeeoLMsr4kf5h6dOW11I15MUA==
    dependencies:
      ajv "^8.0.0"
  
  ajv-keywords@^3.5.2:
    version "3.5.2"
    resolved "https://registry.npmjs.org/ajv-keywords/-/ajv-keywords-3.5.2.tgz"
    integrity sha512-5p6WTN0DdTGVQk6VjcEju19IgaHudalcfabD7yhDGeA6bcQnmL+CpveLJq/3hvfwd1aof6L386Ougkx6RfyMIQ==
  
  ajv-keywords@^5.1.0:
    version "5.1.0"
    resolved "https://registry.npmjs.org/ajv-keywords/-/ajv-keywords-5.1.0.tgz"
    integrity sha512-YCS/JNFAUyr5vAuhk1DWm1CBxRHW9LbJ2ozWeemrIqpbsqKjHVxYPyi5GC0rjZIT5JxJ3virVTS8wk4i/Z+krw==
    dependencies:
      fast-deep-equal "^3.1.3"
  
  ajv@^6.12.5:
    version "6.12.6"
    resolved "https://registry.npmjs.org/ajv/-/ajv-6.12.6.tgz"
    integrity sha512-j3fVLgvTo527anyYyJOGTYJbG+vnnQYvE0m5mmkc1TK+nxAppkCLMIL0aZ4dblVCNoGShhm+kzE4ZUykBoMg4g==
    dependencies:
      fast-deep-equal "^3.1.1"
      fast-json-stable-stringify "^2.0.0"
      json-schema-traverse "^0.4.1"
      uri-js "^4.2.2"
  
  ajv@^8.0.0, ajv@^8.9.0:
    version "8.12.0"
    resolved "https://registry.npmjs.org/ajv/-/ajv-8.12.0.tgz"
    integrity sha512-sRu1kpcO9yLtYxBKvqfTeh9KzZEwO3STyX1HT+4CaDzC6HpTGYhIhPIzj9XuKU7KYDwnaeh5hcOwjy1QuJzBPA==
    dependencies:
      fast-deep-equal "^3.1.1"
      json-schema-traverse "^1.0.0"
      require-from-string "^2.0.2"
      uri-js "^4.2.2"
  
  ansi-regex@^5.0.1:
    version "5.0.1"
    resolved "https://registry.npmjs.org/ansi-regex/-/ansi-regex-5.0.1.tgz"
    integrity sha512-quJQXlTSUGL2LH9SUXo8VwsY4soanhgo6LNSm84E1LBcE8s3O0wpdiRzyR9z/ZZJMlMWv37qOOb9pdJlMUEKFQ==
  
  ansi-styles@^4.1.0:
    version "4.3.0"
    resolved "https://registry.npmjs.org/ansi-styles/-/ansi-styles-4.3.0.tgz"
    integrity sha512-zbB9rCJAT1rbjiVDb2hqKFHNYLxgtk8NURxZ3IZwD3F6NtxbXZQCnnSi1Lkx+IDohdPlFp222wVALIheZJQSEg==
    dependencies:
      color-convert "^2.0.1"
  
  array-union@^1.0.1:
    version "1.0.2"
    resolved "https://registry.npmjs.org/array-union/-/array-union-1.0.2.tgz"
    integrity sha512-Dxr6QJj/RdU/hCaBjOfxW+q6lyuVE6JFWIrAUpuOOhoJJoQ99cUn3igRaHVB5P9WrgFVN0FfArM3x0cueOU8ng==
    dependencies:
      array-uniq "^1.0.1"
  
  array-uniq@^1.0.1:
    version "1.0.3"
    resolved "https://registry.npmjs.org/array-uniq/-/array-uniq-1.0.3.tgz"
    integrity sha512-MNha4BWQ6JbwhFhj03YK552f7cb3AzoE8SzeljgChvL1dl3IcvggXVz1DilzySZkCja+CXuZbdW7yATchWn8/Q==
  
  balanced-match@^1.0.0:
    version "1.0.2"
    resolved "https://registry.npmjs.org/balanced-match/-/balanced-match-1.0.2.tgz"
    integrity sha512-3oSeUO0TMV67hN1AmbXsK4yaqU7tjiHlbxRDZOpH0KW9+CeX4bRAaX0Anxt0tx2MrpRpWwQaPwIlISEJhYU5Pw==
  
  boolbase@^1.0.0:
    version "1.0.0"
    resolved "https://registry.npmjs.org/boolbase/-/boolbase-1.0.0.tgz"
    integrity sha512-JZOSA7Mo9sNGB8+UjSgzdLtokWAky1zbztM3WRLCbZ70/3cTANmQmOdR7y2g+J0e2WXywy1yS468tY+IruqEww==
  
  brace-expansion@^1.1.7:
    version "1.1.11"
    resolved "https://registry.npmjs.org/brace-expansion/-/brace-expansion-1.1.11.tgz"
    integrity sha512-iCuPHDFgrHX7H2vEI/5xpz07zSHB00TpugqhmYtVmMO6518mCuRMoOYFldEBl0g187ufozdaHgWKcYFb61qGiA==
    dependencies:
      balanced-match "^1.0.0"
      concat-map "0.0.1"
  
  browserslist@^4.0.0, browserslist@^4.21.4:
    version "4.21.5"
    resolved "https://registry.npmjs.org/browserslist/-/browserslist-4.21.5.tgz"
    integrity sha512-tUkiguQGW7S3IhB7N+c2MV/HZPSCPAAiYBZXLsBhFB/PCy6ZKKsZrmBayHV9fdGV/ARIfJ14NkxKzRDjvp7L6w==
    dependencies:
      caniuse-lite "^1.0.30001449"
      electron-to-chromium "^1.4.284"
      node-releases "^2.0.8"
      update-browserslist-db "^1.0.10"
  
  buffer-from@^1.0.0:
    version "1.1.2"
    resolved "https://registry.npmjs.org/buffer-from/-/buffer-from-1.1.2.tgz"
    integrity sha512-E+XQCRwSbaaiChtv6k6Dwgc+bx+Bs6vuKJHHl5kox/BaKbhiXzqQOwK4cO22yElGp2OCmjwVhT3HmxgyPGnJfQ==
  
  camel-case@^4.1.2:
    version "4.1.2"
    resolved "https://registry.npmjs.org/camel-case/-/camel-case-4.1.2.tgz"
    integrity sha512-gxGWBrTT1JuMx6R+o5PTXMmUnhnVzLQ9SNutD4YqKtI6ap897t3tKECYla6gCWEkplXnlNybEkZg9GEGxKFCgw==
    dependencies:
      pascal-case "^3.1.2"
      tslib "^2.0.3"
  
  caniuse-api@^3.0.0:
    version "3.0.0"
    resolved "https://registry.npmjs.org/caniuse-api/-/caniuse-api-3.0.0.tgz"
    integrity sha512-bsTwuIg/BZZK/vreVTYYbSWoe2F+71P7K5QGEX+pT250DZbfU1MQ5prOKpPR+LL6uWKK3KMwMCAS74QB3Um1uw==
    dependencies:
      browserslist "^4.0.0"
      caniuse-lite "^1.0.0"
      lodash.memoize "^4.1.2"
      lodash.uniq "^4.5.0"
  
  caniuse-lite@^1.0.0, caniuse-lite@^1.0.30001449:
    version "1.0.30001486"
    resolved "https://registry.npmjs.org/caniuse-lite/-/caniuse-lite-1.0.30001486.tgz"
    integrity sha512-uv7/gXuHi10Whlj0pp5q/tsK/32J2QSqVRKQhs2j8VsDCjgyruAh/eEXHF822VqO9yT6iZKw3nRwZRSPBE9OQg==
  
  chalk@^4.0.0:
    version "4.1.2"
    resolved "https://registry.npmjs.org/chalk/-/chalk-4.1.2.tgz"
    integrity sha512-oKnbhFyRIXpUuez8iBMmyEa4nbj4IOQyuhc/wy9kY7/WVPcwIO9VA668Pu8RkO7+0G76SLROeyw9CpQ061i4mA==
    dependencies:
      ansi-styles "^4.1.0"
      supports-color "^7.1.0"
  
  ci-info@^3.2.0:
    version "3.8.0"
    resolved "https://registry.npmjs.org/ci-info/-/ci-info-3.8.0.tgz"
    integrity sha512-eXTggHWSooYhq49F2opQhuHWgzucfF2YgODK4e1566GQs5BIfP30B0oenwBJHfWxAs2fyPB1s7Mg949zLf61Yw==
  
  clean-css@^5.2.2:
    version "5.3.2"
    resolved "https://registry.npmjs.org/clean-css/-/clean-css-5.3.2.tgz"
    integrity sha512-JVJbM+f3d3Q704rF4bqQ5UUyTtuJ0JRKNbTKVEeujCCBoMdkEi+V+e8oktO9qGQNSvHrFTM6JZRXrUvGR1czww==
    dependencies:
      source-map "~0.6.0"
  
  clean-webpack-plugin@^4.0.0:
    version "4.0.0"
    resolved "https://registry.npmjs.org/clean-webpack-plugin/-/clean-webpack-plugin-4.0.0.tgz"
    integrity sha512-WuWE1nyTNAyW5T7oNyys2EN0cfP2fdRxhxnIQWiAp0bMabPdHhoGxM8A6YL2GhqwgrPnnaemVE7nv5XJ2Fhh2w==
    dependencies:
      del "^4.1.1"
  
  clone-deep@^4.0.1:
    version "4.0.1"
    resolved "https://registry.npmjs.org/clone-deep/-/clone-deep-4.0.1.tgz"
    integrity sha512-neHB9xuzh/wk0dIHweyAXv2aPGZIVk3pLMe+/RNzINf17fe0OG96QroktYAUm7SM1PBnzTabaLboqqxDyMU+SQ==
    dependencies:
      is-plain-object "^2.0.4"
      kind-of "^6.0.2"
      shallow-clone "^3.0.0"
  
  color-convert@^2.0.1:
    version "2.0.1"
    resolved "https://registry.npmjs.org/color-convert/-/color-convert-2.0.1.tgz"
    integrity sha512-RRECPsj7iu/xb5oKYcsFHSppFNnsj/52OVTRKb4zP5onXwVF3zVmmToNcOfGC+CRDpfK/U584fMg38ZHCaElKQ==
    dependencies:
      color-name "~1.1.4"
  
  color-name@~1.1.4:
    version "1.1.4"
    resolved "https://registry.npmjs.org/color-name/-/color-name-1.1.4.tgz"
    integrity sha512-dOy+3AuW3a2wNbZHIuMZpTcgjGuLU/uBL/ubcZF9OXbDo8ff4O8yVp5Bf0efS8uEoYo5q4Fx7dY9OgQGXgAsQA==
  
  colord@^2.9.1:
    version "2.9.3"
    resolved "https://registry.npmjs.org/colord/-/colord-2.9.3.tgz"
    integrity sha512-jeC1axXpnb0/2nn/Y1LPuLdgXBLH7aDcHu4KEKfqw3CUhX7ZpfBSlPKyqXE6btIgEzfWtrX3/tyBCaCvXvMkOw==
  
  colorette@^2.0.14:
    version "2.0.20"
    resolved "https://registry.npmjs.org/colorette/-/colorette-2.0.20.tgz"
    integrity sha512-IfEDxwoWIjkeXL1eXcDiow4UbKjhLdq6/EuSVR9GMN7KVH3r9gQ83e73hsz1Nd1T3ijd5xv1wcWRYO+D6kCI2w==
  
  commander@^10.0.1:
    version "10.0.1"
    resolved "https://registry.npmjs.org/commander/-/commander-10.0.1.tgz"
    integrity sha512-y4Mg2tXshplEbSGzx7amzPwKKOCGuoSRP/CjEdwwk0FOGlUbq6lKuoyDZTNZkmxHdJtp54hdfY/JUrdL7Xfdug==
  
  commander@^2.20.0:
    version "2.20.3"
    resolved "https://registry.npmjs.org/commander/-/commander-2.20.3.tgz"
    integrity sha512-GpVkmM8vF2vQUkj2LvZmD35JxeJOLCwJ9cUkugyk2nuhbv3+mJvpLYYt+0+USMxE+oj+ey/lJEnhZw75x/OMcQ==
  
  commander@^7.2.0:
    version "7.2.0"
    resolved "https://registry.npmjs.org/commander/-/commander-7.2.0.tgz"
    integrity sha512-QrWXB+ZQSVPmIWIhtEO9H+gwHaMGYiF5ChvoJ+K9ZGHG/sVsa6yiesAD1GC/x46sET00Xlwo1u49RVVVzvcSkw==
  
  commander@^8.3.0:
    version "8.3.0"
    resolved "https://registry.npmjs.org/commander/-/commander-8.3.0.tgz"
    integrity sha512-OkTL9umf+He2DZkUq8f8J9of7yL6RJKI24dVITBmNfZBmri9zYZQrKkuXiKhyfPSu8tUhnVBB1iKXevvnlR4Ww==
  
  concat-map@0.0.1:
    version "0.0.1"
    resolved "https://registry.npmjs.org/concat-map/-/concat-map-0.0.1.tgz"
    integrity sha512-/Srv4dswyQNBfohGpz9o6Yb3Gz3SrUDqBH5rTuhGR7ahtlbYKnVxw2bCFMRljaA7EXHaXZ8wsHdodFvbkhKmqg==
  
  core-js@^3.30.2:
    version "3.30.2"
    resolved "https://registry.npmjs.org/core-js/-/core-js-3.30.2.tgz"
    integrity sha512-uBJiDmwqsbJCWHAwjrx3cvjbMXP7xD72Dmsn5LOJpiRmE3WbBbN5rCqQ2Qh6Ek6/eOrjlWngEynBWo4VxerQhg==
  
  cross-spawn@^7.0.3:
    version "7.0.3"
    resolved "https://registry.npmjs.org/cross-spawn/-/cross-spawn-7.0.3.tgz"
    integrity sha512-iRDPJKUPVEND7dHPO8rkbOnPpyDygcDFtWjpeWNCgy8WP2rXcxXL8TskReQl6OrB2G7+UJrags1q15Fudc7G6w==
    dependencies:
      path-key "^3.1.0"
      shebang-command "^2.0.0"
      which "^2.0.1"
  
  css-declaration-sorter@^6.3.1:
    version "6.4.0"
    resolved "https://registry.npmjs.org/css-declaration-sorter/-/css-declaration-sorter-6.4.0.tgz"
    integrity sha512-jDfsatwWMWN0MODAFuHszfjphEXfNw9JUAhmY4pLu3TyTU+ohUpsbVtbU+1MZn4a47D9kqh03i4eyOm+74+zew==
  
  css-minimizer-webpack-plugin@^5.0.0:
    version "5.0.0"
    resolved "https://registry.npmjs.org/css-minimizer-webpack-plugin/-/css-minimizer-webpack-plugin-5.0.0.tgz"
    integrity sha512-1wZ/PYvg+ZKwi5FX6YrvbB31jMAdurS+CmRQLwWCVSlfzJC85l/a6RVICqUHFa+jXyhilfnCyjafzJGbmz5tcA==
    dependencies:
      cssnano "^6.0.0"
      jest-worker "^29.4.3"
      postcss "^8.4.21"
      schema-utils "^4.0.0"
      serialize-javascript "^6.0.1"
      source-map "^0.6.1"
  
  css-select@^4.1.3:
    version "4.3.0"
    resolved "https://registry.npmjs.org/css-select/-/css-select-4.3.0.tgz"
    integrity sha512-wPpOYtnsVontu2mODhA19JrqWxNsfdatRKd64kmpRbQgh1KtItko5sTnEpPdpSaJszTOhEMlF/RPz28qj4HqhQ==
    dependencies:
      boolbase "^1.0.0"
      css-what "^6.0.1"
      domhandler "^4.3.1"
      domutils "^2.8.0"
      nth-check "^2.0.1"
  
  css-select@^5.1.0:
    version "5.1.0"
    resolved "https://registry.npmjs.org/css-select/-/css-select-5.1.0.tgz"
    integrity sha512-nwoRF1rvRRnnCqqY7updORDsuqKzqYJ28+oSMaJMMgOauh3fvwHqMS7EZpIPqK8GL+g9mKxF1vP/ZjSeNjEVHg==
    dependencies:
      boolbase "^1.0.0"
      css-what "^6.1.0"
      domhandler "^5.0.2"
      domutils "^3.0.1"
      nth-check "^2.0.1"
  
  css-tree@^2.2.1:
    version "2.3.1"
    resolved "https://registry.npmjs.org/css-tree/-/css-tree-2.3.1.tgz"
    integrity sha512-6Fv1DV/TYw//QF5IzQdqsNDjx/wc8TrMBZsqjL9eW01tWb7R7k/mq+/VXfJCl7SoD5emsJop9cOByJZfs8hYIw==
    dependencies:
      mdn-data "2.0.30"
      source-map-js "^1.0.1"
  
  css-tree@~2.2.0:
    version "2.2.1"
    resolved "https://registry.npmjs.org/css-tree/-/css-tree-2.2.1.tgz"
    integrity sha512-OA0mILzGc1kCOCSJerOeqDxDQ4HOh+G8NbOJFOTgOCzpw7fCBubk0fEyxp8AgOL/jvLgYA/uV0cMbe43ElF1JA==
    dependencies:
      mdn-data "2.0.28"
      source-map-js "^1.0.1"
  
  css-what@^6.0.1, css-what@^6.1.0:
    version "6.1.0"
    resolved "https://registry.npmjs.org/css-what/-/css-what-6.1.0.tgz"
    integrity sha512-HTUrgRJ7r4dsZKU6GjmpfRK1O76h97Z8MfS1G0FozR+oF2kG6Vfe8JE6zwrkbxigziPHinCJ+gCPjA9EaBDtRw==
  
  cssesc@^3.0.0:
    version "3.0.0"
    resolved "https://registry.npmjs.org/cssesc/-/cssesc-3.0.0.tgz"
    integrity sha512-/Tb/JcjK111nNScGob5MNtsntNM1aCNUDipB/TkwZFhyDrrE47SOx/18wF2bbjgc3ZzCSKW1T5nt5EbFoAz/Vg==
  
  cssnano-preset-default@^6.0.1:
    version "6.0.1"
    resolved "https://registry.npmjs.org/cssnano-preset-default/-/cssnano-preset-default-6.0.1.tgz"
    integrity sha512-7VzyFZ5zEB1+l1nToKyrRkuaJIx0zi/1npjvZfbBwbtNTzhLtlvYraK/7/uqmX2Wb2aQtd983uuGw79jAjLSuQ==
    dependencies:
      css-declaration-sorter "^6.3.1"
      cssnano-utils "^4.0.0"
      postcss-calc "^9.0.0"
      postcss-colormin "^6.0.0"
      postcss-convert-values "^6.0.0"
      postcss-discard-comments "^6.0.0"
      postcss-discard-duplicates "^6.0.0"
      postcss-discard-empty "^6.0.0"
      postcss-discard-overridden "^6.0.0"
      postcss-merge-longhand "^6.0.0"
      postcss-merge-rules "^6.0.1"
      postcss-minify-font-values "^6.0.0"
      postcss-minify-gradients "^6.0.0"
      postcss-minify-params "^6.0.0"
      postcss-minify-selectors "^6.0.0"
      postcss-normalize-charset "^6.0.0"
      postcss-normalize-display-values "^6.0.0"
      postcss-normalize-positions "^6.0.0"
      postcss-normalize-repeat-style "^6.0.0"
      postcss-normalize-string "^6.0.0"
      postcss-normalize-timing-functions "^6.0.0"
      postcss-normalize-unicode "^6.0.0"
      postcss-normalize-url "^6.0.0"
      postcss-normalize-whitespace "^6.0.0"
      postcss-ordered-values "^6.0.0"
      postcss-reduce-initial "^6.0.0"
      postcss-reduce-transforms "^6.0.0"
      postcss-svgo "^6.0.0"
      postcss-unique-selectors "^6.0.0"
  
  cssnano-utils@^4.0.0:
    version "4.0.0"
    resolved "https://registry.npmjs.org/cssnano-utils/-/cssnano-utils-4.0.0.tgz"
    integrity sha512-Z39TLP+1E0KUcd7LGyF4qMfu8ZufI0rDzhdyAMsa/8UyNUU8wpS0fhdBxbQbv32r64ea00h4878gommRVg2BHw==
  
  cssnano@^6.0.0:
    version "6.0.1"
    resolved "https://registry.npmjs.org/cssnano/-/cssnano-6.0.1.tgz"
    integrity sha512-fVO1JdJ0LSdIGJq68eIxOqFpIJrZqXUsBt8fkrBcztCQqAjQD51OhZp7tc0ImcbwXD4k7ny84QTV90nZhmqbkg==
    dependencies:
      cssnano-preset-default "^6.0.1"
      lilconfig "^2.1.0"
  
  csso@^5.0.5:
    version "5.0.5"
    resolved "https://registry.npmjs.org/csso/-/csso-5.0.5.tgz"
    integrity sha512-0LrrStPOdJj+SPCCrGhzryycLjwcgUSHBtxNA8aIDxf0GLsRh1cKYhB00Gd1lDOS4yGH69+SNn13+TWbVHETFQ==
    dependencies:
      css-tree "~2.2.0"
  
  del@^4.1.1:
    version "4.1.1"
    resolved "https://registry.npmjs.org/del/-/del-4.1.1.tgz"
    integrity sha512-QwGuEUouP2kVwQenAsOof5Fv8K9t3D8Ca8NxcXKrIpEHjTXK5J2nXLdP+ALI1cgv8wj7KuwBhTwBkOZSJKM5XQ==
    dependencies:
      "@types/glob" "^7.1.1"
      globby "^6.1.0"
      is-path-cwd "^2.0.0"
      is-path-in-cwd "^2.0.0"
      p-map "^2.0.0"
      pify "^4.0.1"
      rimraf "^2.6.3"
  
  dom-converter@^0.2.0:
    version "0.2.0"
    resolved "https://registry.npmjs.org/dom-converter/-/dom-converter-0.2.0.tgz"
    integrity sha512-gd3ypIPfOMr9h5jIKq8E3sHOTCjeirnl0WK5ZdS1AW0Odt0b1PaWaHdJ4Qk4klv+YB9aJBS7mESXjFoDQPu6DA==
    dependencies:
      utila "~0.4"
  
  dom-serializer@^1.0.1:
    version "1.4.1"
    resolved "https://registry.npmjs.org/dom-serializer/-/dom-serializer-1.4.1.tgz"
    integrity sha512-VHwB3KfrcOOkelEG2ZOfxqLZdfkil8PtJi4P8N2MMXucZq2yLp75ClViUlOVwyoHEDjYU433Aq+5zWP61+RGag==
    dependencies:
      domelementtype "^2.0.1"
      domhandler "^4.2.0"
      entities "^2.0.0"
  
  dom-serializer@^2.0.0:
    version "2.0.0"
    resolved "https://registry.npmjs.org/dom-serializer/-/dom-serializer-2.0.0.tgz"
    integrity sha512-wIkAryiqt/nV5EQKqQpo3SToSOV9J0DnbJqwK7Wv/Trc92zIAYZ4FlMu+JPFW1DfGFt81ZTCGgDEabffXeLyJg==
    dependencies:
      domelementtype "^2.3.0"
      domhandler "^5.0.2"
      entities "^4.2.0"
  
  domelementtype@^2.0.1, domelementtype@^2.2.0, domelementtype@^2.3.0:
    version "2.3.0"
    resolved "https://registry.npmjs.org/domelementtype/-/domelementtype-2.3.0.tgz"
    integrity sha512-OLETBj6w0OsagBwdXnPdN0cnMfF9opN69co+7ZrbfPGrdpPVNBUj02spi6B1N7wChLQiPn4CSH/zJvXw56gmHw==
  
  domhandler@^4.0.0, domhandler@^4.2.0, domhandler@^4.3.1:
    version "4.3.1"
    resolved "https://registry.npmjs.org/domhandler/-/domhandler-4.3.1.tgz"
    integrity sha512-GrwoxYN+uWlzO8uhUXRl0P+kHE4GtVPfYzVLcUxPL7KNdHKj66vvlhiweIHqYYXWlw+T8iLMp42Lm67ghw4WMQ==
    dependencies:
      domelementtype "^2.2.0"
  
  domhandler@^5.0.2, domhandler@^5.0.3:
    version "5.0.3"
    resolved "https://registry.npmjs.org/domhandler/-/domhandler-5.0.3.tgz"
    integrity sha512-cgwlv/1iFQiFnU96XXgROh8xTeetsnJiDsTc7TYCLFd9+/WNkIqPTxiM/8pSd8VIrhXGTf1Ny1q1hquVqDJB5w==
    dependencies:
      domelementtype "^2.3.0"
  
  domutils@^2.5.2, domutils@^2.8.0:
    version "2.8.0"
    resolved "https://registry.npmjs.org/domutils/-/domutils-2.8.0.tgz"
    integrity sha512-w96Cjofp72M5IIhpjgobBimYEfoPjx1Vx0BSX9P30WBdZW2WIKU0T1Bd0kz2eNZ9ikjKgHbEyKx8BB6H1L3h3A==
    dependencies:
      dom-serializer "^1.0.1"
      domelementtype "^2.2.0"
      domhandler "^4.2.0"
  
  domutils@^3.0.1:
    version "3.1.0"
    resolved "https://registry.npmjs.org/domutils/-/domutils-3.1.0.tgz"
    integrity sha512-H78uMmQtI2AhgDJjWeQmHwJJ2bLPD3GMmO7Zja/ZZh84wkm+4ut+IUnUdRa8uCGX88DiVx1j6FRe1XfxEgjEZA==
    dependencies:
      dom-serializer "^2.0.0"
      domelementtype "^2.3.0"
      domhandler "^5.0.3"
  
  dot-case@^3.0.4:
    version "3.0.4"
    resolved "https://registry.npmjs.org/dot-case/-/dot-case-3.0.4.tgz"
    integrity sha512-Kv5nKlh6yRrdrGvxeJ2e5y2eRUpkUosIW4A2AS38zwSz27zu7ufDwQPi5Jhs3XAlGNetl3bmnGhQsMtkKJnj3w==
    dependencies:
      no-case "^3.0.4"
      tslib "^2.0.3"
  
  dotenv@^16.0.3:
    version "16.0.3"
    resolved "https://registry.npmjs.org/dotenv/-/dotenv-16.0.3.tgz"
    integrity sha512-7GO6HghkA5fYG9TYnNxi14/7K9f5occMlp3zXAuSxn7CKCxt9xbNWG7yF8hTCSUchlfWSe3uLmlPfigevRItzQ==
  
  electron-to-chromium@^1.4.284:
    version "1.4.387"
    resolved "https://registry.npmjs.org/electron-to-chromium/-/electron-to-chromium-1.4.387.tgz"
    integrity sha512-tutLf+alr1/0YqJwKPdstVvDLmxmLb5xNyDLNS0RZmenHcEYk9qKfpKDCVZEKJ00JVbnayJm1MZAbYhYDFpcOw==
  
  entities@^2.0.0:
    version "2.2.0"
    resolved "https://registry.npmjs.org/entities/-/entities-2.2.0.tgz"
    integrity sha512-p92if5Nz619I0w+akJrLZH0MX0Pb5DX39XOwQTtXSdQQOaYH03S1uIQp4mhOZtAXrxq4ViO67YTiLBo2638o9A==
  
  entities@^4.2.0:
    version "4.5.0"
    resolved "https://registry.npmjs.org/entities/-/entities-4.5.0.tgz"
    integrity sha512-V0hjH4dGPh9Ao5p0MoRY6BVqtwCjhz6vI5LT8AJ55H+4g9/4vbHx1I54fS0XuclLhDHArPQCiMjDxjaL8fPxhw==
  
  envinfo@^7.7.3:
    version "7.8.1"
    resolved "https://registry.npmjs.org/envinfo/-/envinfo-7.8.1.tgz"
    integrity sha512-/o+BXHmB7ocbHEAs6F2EnG0ogybVVUdkRunTT2glZU9XAaGmhqskrvKwqXuDfNjEO0LZKWdejEEpnq8aM0tOaw==
  
  escalade@^3.1.1:
    version "3.1.1"
    resolved "https://registry.npmjs.org/escalade/-/escalade-3.1.1.tgz"
    integrity sha512-k0er2gUkLf8O0zKJiAhmkTnJlTvINGv7ygDNPbeIsX/TJjGJZHuh9B2UxbsaEkmlEo9MfhrSzmhIlhRlI2GXnw==
  
  fast-deep-equal@^3.1.1, fast-deep-equal@^3.1.3:
    version "3.1.3"
    resolved "https://registry.npmjs.org/fast-deep-equal/-/fast-deep-equal-3.1.3.tgz"
    integrity sha512-f3qQ9oQy9j2AhBe/H9VC91wLmKBCCU/gDOnKNAYG5hswO7BLKj09Hc5HYNz9cGI++xlpDCIgDaitVs03ATR84Q==
  
  fast-json-stable-stringify@^2.0.0:
    version "2.1.0"
    resolved "https://registry.npmjs.org/fast-json-stable-stringify/-/fast-json-stable-stringify-2.1.0.tgz"
    integrity sha512-lhd/wF+Lk98HZoTCtlVraHtfh5XYijIjalXck7saUtuanSDyLMxnHhSXEDJqHxD7msR8D0uCmqlkwjCV8xvwHw==
  
  fastest-levenshtein@^1.0.12:
    version "1.0.16"
    resolved "https://registry.npmjs.org/fastest-levenshtein/-/fastest-levenshtein-1.0.16.tgz"
    integrity sha512-eRnCtTTtGZFpQCwhJiUOuxPQWRXVKYDn0b2PeHfXL6/Zi53SLAzAHfVhVWK2AryC/WH05kGfxhFIPvTF0SXQzg==
  
  find-up@^4.0.0:
    version "4.1.0"
    resolved "https://registry.npmjs.org/find-up/-/find-up-4.1.0.tgz"
    integrity sha512-PpOwAdQ/YlXQ2vj8a3h8IipDuYRi3wceVQQGYWxNINccq40Anw7BlsEXCMbt1Zt+OLA6Fq9suIpIWD0OsnISlw==
    dependencies:
      locate-path "^5.0.0"
      path-exists "^4.0.0"
  
  fs.realpath@^1.0.0:
    version "1.0.0"
    resolved "https://registry.npmjs.org/fs.realpath/-/fs.realpath-1.0.0.tgz"
    integrity sha512-OO0pH2lK6a0hZnAdau5ItzHPI6pUlvI7jMVnxUQRtw4owF2wk8lOSabtGDCTP4Ggrg2MbGnWO9X8K1t4+fGMDw==
  
  function-bind@^1.1.1:
    version "1.1.1"
    resolved "https://registry.npmjs.org/function-bind/-/function-bind-1.1.1.tgz"
    integrity sha512-yIovAzMX49sF8Yl58fSCWJ5svSLuaibPxXQJFLmBObTuCr0Mf1KiPopGM9NiFjiYBCbfaa2Fh6breQ6ANVTI0A==
  
  glob@^7.0.3, glob@^7.1.3:
    version "7.2.3"
    resolved "https://registry.npmjs.org/glob/-/glob-7.2.3.tgz"
    integrity sha512-nFR0zLpU2YCaRxwoCJvL6UvCH2JFyFVIvwTLsIf21AuHlMskA1hhTdk+LlYJtOlYt9v6dvszD2BGRqBL+iQK9Q==
    dependencies:
      fs.realpath "^1.0.0"
      inflight "^1.0.4"
      inherits "2"
      minimatch "^3.1.1"
      once "^1.3.0"
      path-is-absolute "^1.0.0"
  
  globby@^6.1.0:
    version "6.1.0"
    resolved "https://registry.npmjs.org/globby/-/globby-6.1.0.tgz"
    integrity sha512-KVbFv2TQtbzCoxAnfD6JcHZTYCzyliEaaeM/gH8qQdkKr5s0OP9scEgvdcngyk7AVdY6YVW/TJHd+lQ/Df3Daw==
    dependencies:
      array-union "^1.0.1"
      glob "^7.0.3"
      object-assign "^4.0.1"
      pify "^2.0.0"
      pinkie-promise "^2.0.0"
  
  graceful-fs@^4.2.9:
    version "4.2.11"
    resolved "https://registry.npmjs.org/graceful-fs/-/graceful-fs-4.2.11.tgz"
    integrity sha512-RbJ5/jmFcNNCcDV5o9eTnBLJ/HszWV0P73bc+Ff4nS/rJj+YaS6IGyiOL0VoBYX+l1Wrl3k63h/KrH+nhJ0XvQ==
  
  has-flag@^4.0.0:
    version "4.0.0"
    resolved "https://registry.npmjs.org/has-flag/-/has-flag-4.0.0.tgz"
    integrity sha512-EykJT/Q1KjTWctppgIAgfSO0tKVuZUjhgMr17kqTumMl6Afv3EISleU7qZUzoXDFTAHTDC4NOoG/ZxU3EvlMPQ==
  
  has@^1.0.3:
    version "1.0.3"
    resolved "https://registry.npmjs.org/has/-/has-1.0.3.tgz"
    integrity sha512-f2dvO0VU6Oej7RkWJGrehjbzMAjFp5/VKPp5tTpWIV4JHHZK1/BxbFRtf/siA2SWTe09caDmVtYYzWEIbBS4zw==
    dependencies:
      function-bind "^1.1.1"
  
  he@^1.2.0:
    version "1.2.0"
    resolved "https://registry.npmjs.org/he/-/he-1.2.0.tgz"
    integrity sha512-F/1DnUGPopORZi0ni+CvrCgHQ5FyEAHRLSApuYWMmrbSwoN2Mn/7k+Gl38gJnR7yyDZk6WLXwiGod1JOWNDKGw==
  
  html-minifier-terser@^6.0.2:
    version "6.1.0"
    resolved "https://registry.npmjs.org/html-minifier-terser/-/html-minifier-terser-6.1.0.tgz"
    integrity sha512-YXxSlJBZTP7RS3tWnQw74ooKa6L9b9i9QYXY21eUEvhZ3u9XLfv6OnFsQq6RxkhHygsaUMvYsZRV5rU/OVNZxw==
    dependencies:
      camel-case "^4.1.2"
      clean-css "^5.2.2"
      commander "^8.3.0"
      he "^1.2.0"
      param-case "^3.0.4"
      relateurl "^0.2.7"
      terser "^5.10.0"
  
  html-webpack-plugin@^5.5.1:
    version "5.5.1"
    resolved "https://registry.npmjs.org/html-webpack-plugin/-/html-webpack-plugin-5.5.1.tgz"
    integrity sha512-cTUzZ1+NqjGEKjmVgZKLMdiFg3m9MdRXkZW2OEe69WYVi5ONLMmlnSZdXzGGMOq0C8jGDrL6EWyEDDUioHO/pA==
    dependencies:
      "@types/html-minifier-terser" "^6.0.0"
      html-minifier-terser "^6.0.2"
      lodash "^4.17.21"
      pretty-error "^4.0.0"
      tapable "^2.0.0"
  
  htmlparser2@^6.1.0:
    version "6.1.0"
    resolved "https://registry.npmjs.org/htmlparser2/-/htmlparser2-6.1.0.tgz"
    integrity sha512-gyyPk6rgonLFEDGoeRgQNaEUvdJ4ktTmmUh/h2t7s+M8oPpIPxgNACWa+6ESR57kXstwqPiCut0V8NRpcwgU7A==
    dependencies:
      domelementtype "^2.0.1"
      domhandler "^4.0.0"
      domutils "^2.5.2"
      entities "^2.0.0"
  
  import-local@^3.0.2:
    version "3.1.0"
    resolved "https://registry.npmjs.org/import-local/-/import-local-3.1.0.tgz"
    integrity sha512-ASB07uLtnDs1o6EHjKpX34BKYDSqnFerfTOJL2HvMqF70LnxpjkzDB8J44oT9pu4AMPkQwf8jl6szgvNd2tRIg==
    dependencies:
      pkg-dir "^4.2.0"
      resolve-cwd "^3.0.0"
  
  inflight@^1.0.4:
    version "1.0.6"
    resolved "https://registry.npmjs.org/inflight/-/inflight-1.0.6.tgz"
    integrity sha512-k92I/b08q4wvFscXCLvqfsHCrjrF7yiXsQuIVvVE7N82W3+aqpzuUdBbfhWcy/FZR3/4IgflMgKLOsvPDrGCJA==
    dependencies:
      once "^1.3.0"
      wrappy "1"
  
  inherits@2:
    version "2.0.4"
    resolved "https://registry.npmjs.org/inherits/-/inherits-2.0.4.tgz"
    integrity sha512-k/vGaX4/Yla3WzyMCvTQOXYeIHvqOKtnqBduzTHpzpQZzAskKMhZ2K+EnBiSM9zGSoIFeMpXKxa4dYeZIQqewQ==
  
  interpret@^3.1.1:
    version "3.1.1"
    resolved "https://registry.npmjs.org/interpret/-/interpret-3.1.1.tgz"
    integrity sha512-6xwYfHbajpoF0xLW+iwLkhwgvLoZDfjYfoFNu8ftMoXINzwuymNLd9u/KmwtdT2GbR+/Cz66otEGEVVUHX9QLQ==
  
  is-core-module@^2.11.0:
    version "2.12.0"
    resolved "https://registry.npmjs.org/is-core-module/-/is-core-module-2.12.0.tgz"
    integrity sha512-RECHCBCd/viahWmwj6enj19sKbHfJrddi/6cBDsNTKbNq0f7VeaUkBo60BqzvPqo/W54ChS62Z5qyun7cfOMqQ==
    dependencies:
      has "^1.0.3"
  
  is-path-cwd@^2.0.0:
    version "2.2.0"
    resolved "https://registry.npmjs.org/is-path-cwd/-/is-path-cwd-2.2.0.tgz"
    integrity sha512-w942bTcih8fdJPJmQHFzkS76NEP8Kzzvmw92cXsazb8intwLqPibPPdXf4ANdKV3rYMuuQYGIWtvz9JilB3NFQ==
  
  is-path-in-cwd@^2.0.0:
    version "2.1.0"
    resolved "https://registry.npmjs.org/is-path-in-cwd/-/is-path-in-cwd-2.1.0.tgz"
    integrity sha512-rNocXHgipO+rvnP6dk3zI20RpOtrAM/kzbB258Uw5BWr3TpXi861yzjo16Dn4hUox07iw5AyeMLHWsujkjzvRQ==
    dependencies:
      is-path-inside "^2.1.0"
  
  is-path-inside@^2.1.0:
    version "2.1.0"
    resolved "https://registry.npmjs.org/is-path-inside/-/is-path-inside-2.1.0.tgz"
    integrity sha512-wiyhTzfDWsvwAW53OBWF5zuvaOGlZ6PwYxAbPVDhpm+gM09xKQGjBq/8uYN12aDvMxnAnq3dxTyoSoRNmg5YFg==
    dependencies:
      path-is-inside "^1.0.2"
  
  is-plain-object@^2.0.4:
    version "2.0.4"
    resolved "https://registry.npmjs.org/is-plain-object/-/is-plain-object-2.0.4.tgz"
    integrity sha512-h5PpgXkWitc38BBMYawTYMWJHFZJVnBquFE57xFpjB8pJFiF6gZ+bU+WyI/yqXiFR5mdLsgYNaPe8uao6Uv9Og==
    dependencies:
      isobject "^3.0.1"
  
  isexe@^2.0.0:
    version "2.0.0"
    resolved "https://registry.npmjs.org/isexe/-/isexe-2.0.0.tgz"
    integrity sha512-RHxMLp9lnKHGHRng9QFhRCMbYAcVpn69smSGcq3f36xjgVVWThj4qqLbTLlq7Ssj8B+fIQ1EuCEGI2lKsyQeIw==
  
  isobject@^3.0.1:
    version "3.0.1"
    resolved "https://registry.npmjs.org/isobject/-/isobject-3.0.1.tgz"
    integrity sha512-WhB9zCku7EGTj/HQQRz5aUQEUeoQZH2bWcltRErOpymJ4boYE6wL9Tbr23krRPSZ+C5zqNSrSw+Cc7sZZ4b7vg==
  
  jest-util@^29.5.0:
    version "29.5.0"
    resolved "https://registry.npmjs.org/jest-util/-/jest-util-29.5.0.tgz"
    integrity sha512-RYMgG/MTadOr5t8KdhejfvUU82MxsCu5MF6KuDUHl+NuwzUt+Sm6jJWxTJVrDR1j5M/gJVCPKQEpWXY+yIQ6lQ==
    dependencies:
      "@jest/types" "^29.5.0"
      "@types/node" "*"
      chalk "^4.0.0"
      ci-info "^3.2.0"
      graceful-fs "^4.2.9"
      picomatch "^2.2.3"
  
  jest-worker@^27.4.5:
    version "27.5.1"
    resolved "https://registry.npmjs.org/jest-worker/-/jest-worker-27.5.1.tgz"
    integrity sha512-7vuh85V5cdDofPyxn58nrPjBktZo0u9x1g8WtjQol+jZDaE+fhN+cIvTj11GndBnMnyfrUOG1sZQxCdjKh+DKg==
    dependencies:
      "@types/node" "*"
      merge-stream "^2.0.0"
      supports-color "^8.0.0"
  
  jest-worker@^29.4.3:
    version "29.5.0"
    resolved "https://registry.npmjs.org/jest-worker/-/jest-worker-29.5.0.tgz"
    integrity sha512-NcrQnevGoSp4b5kg+akIpthoAFHxPBcb5P6mYPY0fUNT+sSvmtu6jlkEle3anczUKIKEbMxFimk9oTP/tpIPgA==
    dependencies:
      "@types/node" "*"
      jest-util "^29.5.0"
      merge-stream "^2.0.0"
      supports-color "^8.0.0"
  
  json-schema-traverse@^0.4.1:
    version "0.4.1"
    resolved "https://registry.npmjs.org/json-schema-traverse/-/json-schema-traverse-0.4.1.tgz"
    integrity sha512-xbbCH5dCYU5T8LcEhhuh7HJ88HXuW3qsI3Y0zOZFKfZEHcpWiHU/Jxzk629Brsab/mMiHQti9wMP+845RPe3Vg==
  
  json-schema-traverse@^1.0.0:
    version "1.0.0"
    resolved "https://registry.npmjs.org/json-schema-traverse/-/json-schema-traverse-1.0.0.tgz"
    integrity sha512-NM8/P9n3XjXhIZn1lLhkFaACTOURQXjWhV4BA/RnOv8xvgqtqpAX9IO4mRQxSx1Rlo4tqzeqb0sOlruaOy3dug==
  
  kind-of@^6.0.2:
    version "6.0.3"
    resolved "https://registry.npmjs.org/kind-of/-/kind-of-6.0.3.tgz"
    integrity sha512-dcS1ul+9tmeD95T+x28/ehLgd9mENa3LsvDTtzm3vyBEO7RPptvAD+t44WVXaUjTBRcrpFeFlC8WCruUR456hw==
  
  lilconfig@^2.1.0:
    version "2.1.0"
    resolved "https://registry.npmjs.org/lilconfig/-/lilconfig-2.1.0.tgz"
    integrity sha512-utWOt/GHzuUxnLKxB6dk81RoOeoNeHgbrXiuGk4yyF5qlRz+iIVWu56E2fqGHFrXz0QNUhLB/8nKqvRH66JKGQ==
  
  locate-path@^5.0.0:
    version "5.0.0"
    resolved "https://registry.npmjs.org/locate-path/-/locate-path-5.0.0.tgz"
    integrity sha512-t7hw9pI+WvuwNJXwk5zVHpyhIqzg2qTlklJOf0mVxGSbe3Fp2VieZcduNYjaLDoy6p9uGpQEGWG87WpMKlNq8g==
    dependencies:
      p-locate "^4.1.0"
  
  lodash.memoize@^4.1.2:
    version "4.1.2"
    resolved "https://registry.npmjs.org/lodash.memoize/-/lodash.memoize-4.1.2.tgz"
    integrity sha512-t7j+NzmgnQzTAYXcsHYLgimltOV1MXHtlOWf6GjL9Kj8GK5FInw5JotxvbOs+IvV1/Dzo04/fCGfLVs7aXb4Ag==
  
  lodash.uniq@^4.5.0:
    version "4.5.0"
    resolved "https://registry.npmjs.org/lodash.uniq/-/lodash.uniq-4.5.0.tgz"
    integrity sha512-xfBaXQd9ryd9dlSDvnvI0lvxfLJlYAZzXomUYzLKtUeOQvOP5piqAWuGtrhWeqaXK9hhoM/iyJc5AV+XfsX3HQ==
  
  lodash@^4.17.20, lodash@^4.17.21:
    version "4.17.21"
    resolved "https://registry.npmjs.org/lodash/-/lodash-4.17.21.tgz"
    integrity sha512-v2kDEe57lecTulaDIuNTPy3Ry4gLGJ6Z1O3vE1krgXZNrsQ+LFTGHVxVjcXPs17LhbZVGedAJv8XZ1tvj5FvSg==
  
  lower-case@^2.0.2:
    version "2.0.2"
    resolved "https://registry.npmjs.org/lower-case/-/lower-case-2.0.2.tgz"
    integrity sha512-7fm3l3NAF9WfN6W3JOmf5drwpVqX78JtoGJ3A6W0a6ZnldM41w2fV5D490psKFTpMds8TJse/eHLFFsNHHjHgg==
    dependencies:
      tslib "^2.0.3"
  
  mdn-data@2.0.28:
    version "2.0.28"
    resolved "https://registry.npmjs.org/mdn-data/-/mdn-data-2.0.28.tgz"
    integrity sha512-aylIc7Z9y4yzHYAJNuESG3hfhC+0Ibp/MAMiaOZgNv4pmEdFyfZhhhny4MNiAfWdBQ1RQ2mfDWmM1x8SvGyp8g==
  
  mdn-data@2.0.30:
    version "2.0.30"
    resolved "https://registry.npmjs.org/mdn-data/-/mdn-data-2.0.30.tgz"
    integrity sha512-GaqWWShW4kv/G9IEucWScBx9G1/vsFZZJUO+tD26M8J8z3Kw5RDQjaoZe03YAClgeS/SWPOcb4nkFBTEi5DUEA==
  
  merge-stream@^2.0.0:
    version "2.0.0"
    resolved "https://registry.npmjs.org/merge-stream/-/merge-stream-2.0.0.tgz"
    integrity sha512-abv/qOcuPfk3URPfDzmZU1LKmuw8kT+0nIHvKrKgFrwifol/doWcdA4ZqsWQ8ENrFKkd67Mfpo/LovbIUsbt3w==
  
  mini-css-extract-plugin@^2.7.5:
    version "2.7.5"
    resolved "https://registry.npmjs.org/mini-css-extract-plugin/-/mini-css-extract-plugin-2.7.5.tgz"
    integrity sha512-9HaR++0mlgom81s95vvNjxkg52n2b5s//3ZTI1EtzFb98awsLSivs2LMsVqnQ3ay0PVhqWcGNyDaTE961FOcjQ==
    dependencies:
      schema-utils "^4.0.0"
  
  minimatch@^3.1.1:
    version "3.1.2"
    resolved "https://registry.npmjs.org/minimatch/-/minimatch-3.1.2.tgz"
    integrity sha512-J7p63hRiAjw1NDEww1W7i37+ByIrOWO5XQQAzZ3VOcL0PNybwpfmV/N05zFAzwQ9USyEcX6t3UO+K5aqBQOIHw==
    dependencies:
      brace-expansion "^1.1.7"
  
  nanoid@^3.3.6:
    version "3.3.6"
    resolved "https://registry.npmjs.org/nanoid/-/nanoid-3.3.6.tgz"
    integrity sha512-BGcqMMJuToF7i1rt+2PWSNVnWIkGCU78jBG3RxO/bZlnZPK2Cmi2QaffxGO/2RvWi9sL+FAiRiXMgsyxQ1DIDA==
  
  no-case@^3.0.4:
    version "3.0.4"
    resolved "https://registry.npmjs.org/no-case/-/no-case-3.0.4.tgz"
    integrity sha512-fgAN3jGAh+RoxUGZHTSOLJIqUc2wmoBwGR4tbpNAKmmovFoWq0OdRkb0VkldReO2a2iBT/OEulG9XSUc10r3zg==
    dependencies:
      lower-case "^2.0.2"
      tslib "^2.0.3"
  
  node-releases@^2.0.8:
    version "2.0.10"
    resolved "https://registry.npmjs.org/node-releases/-/node-releases-2.0.10.tgz"
    integrity sha512-5GFldHPXVG/YZmFzJvKK2zDSzPKhEp0+ZR5SVaoSag9fsL5YgHbUHDfnG5494ISANDcK4KwPXAx2xqVEydmd7w==
  
  nth-check@^2.0.1:
    version "2.1.1"
    resolved "https://registry.npmjs.org/nth-check/-/nth-check-2.1.1.tgz"
    integrity sha512-lqjrjmaOoAnWfMmBPL+XNnynZh2+swxiX3WUE0s4yEHI6m+AwrK2UZOimIRl3X/4QctVqS8AiZjFqyOGrMXb/w==
    dependencies:
      boolbase "^1.0.0"
  
  object-assign@^4.0.1:
    version "4.1.1"
    resolved "https://registry.npmjs.org/object-assign/-/object-assign-4.1.1.tgz"
    integrity sha512-rJgTQnkUnH1sFw8yT6VSU3zD3sWmu6sZhIseY8VX+GRu3P6F7Fu+JNDoXfklElbLJSnc3FUQHVe4cU5hj+BcUg==
  
  once@^1.3.0:
    version "1.4.0"
    resolved "https://registry.npmjs.org/once/-/once-1.4.0.tgz"
    integrity sha512-lNaJgI+2Q5URQBkccEKHTQOPaXdUxnZZElQTZY0MFUAuaEqe1E+Nyvgdz/aIyNi6Z9MzO5dv1H8n58/GELp3+w==
    dependencies:
      wrappy "1"
  
  p-limit@^2.2.0:
    version "2.3.0"
    resolved "https://registry.npmjs.org/p-limit/-/p-limit-2.3.0.tgz"
    integrity sha512-//88mFWSJx8lxCzwdAABTJL2MyWB12+eIY7MDL2SqLmAkeKU9qxRvWuSyTjm3FUmpBEMuFfckAIqEaVGUDxb6w==
    dependencies:
      p-try "^2.0.0"
  
  p-locate@^4.1.0:
    version "4.1.0"
    resolved "https://registry.npmjs.org/p-locate/-/p-locate-4.1.0.tgz"
    integrity sha512-R79ZZ/0wAxKGu3oYMlz8jy/kbhsNrS7SKZ7PxEHBgJ5+F2mtFW2fK2cOtBh1cHYkQsbzFV7I+EoRKe6Yt0oK7A==
    dependencies:
      p-limit "^2.2.0"
  
  p-map@^2.0.0:
    version "2.1.0"
    resolved "https://registry.npmjs.org/p-map/-/p-map-2.1.0.tgz"
    integrity sha512-y3b8Kpd8OAN444hxfBbFfj1FY/RjtTd8tzYwhUqNYXx0fXx2iX4maP4Qr6qhIKbQXI02wTLAda4fYUbDagTUFw==
  
  p-try@^2.0.0:
    version "2.2.0"
    resolved "https://registry.npmjs.org/p-try/-/p-try-2.2.0.tgz"
    integrity sha512-R4nPAVTAU0B9D35/Gk3uJf/7XYbQcyohSKdvAxIRSNghFl4e71hVoGnBNQz9cWaXxO2I10KTC+3jMdvvoKw6dQ==
  
  param-case@^3.0.4:
    version "3.0.4"
    resolved "https://registry.npmjs.org/param-case/-/param-case-3.0.4.tgz"
    integrity sha512-RXlj7zCYokReqWpOPH9oYivUzLYZ5vAPIfEmCTNViosC78F8F0H9y7T7gG2M39ymgutxF5gcFEsyZQSph9Bp3A==
    dependencies:
      dot-case "^3.0.4"
      tslib "^2.0.3"
  
  pascal-case@^3.1.2:
    version "3.1.2"
    resolved "https://registry.npmjs.org/pascal-case/-/pascal-case-3.1.2.tgz"
    integrity sha512-uWlGT3YSnK9x3BQJaOdcZwrnV6hPpd8jFH1/ucpiLRPh/2zCVJKS19E4GvYHvaCcACn3foXZ0cLB9Wrx1KGe5g==
    dependencies:
      no-case "^3.0.4"
      tslib "^2.0.3"
  
  path-exists@^4.0.0:
    version "4.0.0"
    resolved "https://registry.npmjs.org/path-exists/-/path-exists-4.0.0.tgz"
    integrity sha512-ak9Qy5Q7jYb2Wwcey5Fpvg2KoAc/ZIhLSLOSBmRmygPsGwkVVt0fZa0qrtMz+m6tJTAHfZQ8FnmB4MG4LWy7/w==
  
  path-is-absolute@^1.0.0:
    version "1.0.1"
    resolved "https://registry.npmjs.org/path-is-absolute/-/path-is-absolute-1.0.1.tgz"
    integrity sha512-AVbw3UJ2e9bq64vSaS9Am0fje1Pa8pbGqTTsmXfaIiMpnr5DlDhfJOuLj9Sf95ZPVDAUerDfEk88MPmPe7UCQg==
  
  path-is-inside@^1.0.2:
    version "1.0.2"
    resolved "https://registry.npmjs.org/path-is-inside/-/path-is-inside-1.0.2.tgz"
    integrity sha512-DUWJr3+ULp4zXmol/SZkFf3JGsS9/SIv+Y3Rt93/UjPpDpklB5f1er4O3POIbUuUJ3FXgqte2Q7SrU6zAqwk8w==
  
  path-key@^3.1.0:
    version "3.1.1"
    resolved "https://registry.npmjs.org/path-key/-/path-key-3.1.1.tgz"
    integrity sha512-ojmeN0qd+y0jszEtoY48r0Peq5dwMEkIlCOu6Q5f41lfkswXuKtYrhgoTpLnyIcHm24Uhqx+5Tqm2InSwLhE6Q==
  
  path-parse@^1.0.7:
    version "1.0.7"
    resolved "https://registry.npmjs.org/path-parse/-/path-parse-1.0.7.tgz"
    integrity sha512-LDJzPVEEEPR+y48z93A0Ed0yXb8pAByGWo/k5YYdYgpY2/2EsOsksJrq7lOHxryrVOn1ejG6oAp8ahvOIQD8sw==
  
  picocolors@^1.0.0:
    version "1.0.0"
    resolved "https://registry.npmjs.org/picocolors/-/picocolors-1.0.0.tgz"
    integrity sha512-1fygroTLlHu66zi26VoTDv8yRgm0Fccecssto+MhsZ0D/DGW2sm8E8AjW7NU5VVTRt5GxbeZ5qBuJr+HyLYkjQ==
  
  picomatch@^2.2.3:
    version "2.3.1"
    resolved "https://registry.npmjs.org/picomatch/-/picomatch-2.3.1.tgz"
    integrity sha512-JU3teHTNjmE2VCGFzuY8EXzCDVwEqB2a8fsIvwaStHhAWJEeVd1o1QD80CU6+ZdEXXSLbSsuLwJjkCBWqRQUVA==
  
  pify@^2.0.0:
    version "2.3.0"
    resolved "https://registry.npmjs.org/pify/-/pify-2.3.0.tgz"
    integrity sha512-udgsAY+fTnvv7kI7aaxbqwWNb0AHiB0qBO89PZKPkoTmGOgdbrHDKD+0B2X4uTfJ/FT1R09r9gTsjUjNJotuog==
  
  pify@^4.0.1:
    version "4.0.1"
    resolved "https://registry.npmjs.org/pify/-/pify-4.0.1.tgz"
    integrity sha512-uB80kBFb/tfd68bVleG9T5GGsGPjJrLAUpR5PZIrhBnIaRTQRjqdJSsIKkOP6OAIFbj7GOrcudc5pNjZ+geV2g==
  
  pinkie-promise@^2.0.0:
    version "2.0.1"
    resolved "https://registry.npmjs.org/pinkie-promise/-/pinkie-promise-2.0.1.tgz"
    integrity sha512-0Gni6D4UcLTbv9c57DfxDGdr41XfgUjqWZu492f0cIGr16zDU06BWP/RAEvOuo7CQ0CNjHaLlM59YJJFm3NWlw==
    dependencies:
      pinkie "^2.0.0"
  
  pinkie@^2.0.0:
    version "2.0.4"
    resolved "https://registry.npmjs.org/pinkie/-/pinkie-2.0.4.tgz"
    integrity sha512-MnUuEycAemtSaeFSjXKW/aroV7akBbY+Sv+RkyqFjgAe73F+MR0TBWKBRDkmfWq/HiFmdavfZ1G7h4SPZXaCSg==
  
  pkg-dir@^4.2.0:
    version "4.2.0"
    resolved "https://registry.npmjs.org/pkg-dir/-/pkg-dir-4.2.0.tgz"
    integrity sha512-HRDzbaKjC+AOWVXxAU/x54COGeIv9eb+6CkDSQoNTt4XyWoIJvuPsXizxu/Fr23EiekbtZwmh1IcIG/l/a10GQ==
    dependencies:
      find-up "^4.0.0"
  
  postcss-calc@^9.0.0:
    version "9.0.1"
    resolved "https://registry.npmjs.org/postcss-calc/-/postcss-calc-9.0.1.tgz"
    integrity sha512-TipgjGyzP5QzEhsOZUaIkeO5mKeMFpebWzRogWG/ysonUlnHcq5aJe0jOjpfzUU8PeSaBQnrE8ehR0QA5vs8PQ==
    dependencies:
      postcss-selector-parser "^6.0.11"
      postcss-value-parser "^4.2.0"
  
  postcss-colormin@^6.0.0:
    version "6.0.0"
    resolved "https://registry.npmjs.org/postcss-colormin/-/postcss-colormin-6.0.0.tgz"
    integrity sha512-EuO+bAUmutWoZYgHn2T1dG1pPqHU6L4TjzPlu4t1wZGXQ/fxV16xg2EJmYi0z+6r+MGV1yvpx1BHkUaRrPa2bw==
    dependencies:
      browserslist "^4.21.4"
      caniuse-api "^3.0.0"
      colord "^2.9.1"
      postcss-value-parser "^4.2.0"
  
  postcss-convert-values@^6.0.0:
    version "6.0.0"
    resolved "https://registry.npmjs.org/postcss-convert-values/-/postcss-convert-values-6.0.0.tgz"
    integrity sha512-U5D8QhVwqT++ecmy8rnTb+RL9n/B806UVaS3m60lqle4YDFcpbS3ae5bTQIh3wOGUSDHSEtMYLs/38dNG7EYFw==
    dependencies:
      browserslist "^4.21.4"
      postcss-value-parser "^4.2.0"
  
  postcss-discard-comments@^6.0.0:
    version "6.0.0"
    resolved "https://registry.npmjs.org/postcss-discard-comments/-/postcss-discard-comments-6.0.0.tgz"
    integrity sha512-p2skSGqzPMZkEQvJsgnkBhCn8gI7NzRH2683EEjrIkoMiwRELx68yoUJ3q3DGSGuQ8Ug9Gsn+OuDr46yfO+eFw==
  
  postcss-discard-duplicates@^6.0.0:
    version "6.0.0"
    resolved "https://registry.npmjs.org/postcss-discard-duplicates/-/postcss-discard-duplicates-6.0.0.tgz"
    integrity sha512-bU1SXIizMLtDW4oSsi5C/xHKbhLlhek/0/yCnoMQany9k3nPBq+Ctsv/9oMmyqbR96HYHxZcHyK2HR5P/mqoGA==
  
  postcss-discard-empty@^6.0.0:
    version "6.0.0"
    resolved "https://registry.npmjs.org/postcss-discard-empty/-/postcss-discard-empty-6.0.0.tgz"
    integrity sha512-b+h1S1VT6dNhpcg+LpyiUrdnEZfICF0my7HAKgJixJLW7BnNmpRH34+uw/etf5AhOlIhIAuXApSzzDzMI9K/gQ==
  
  postcss-discard-overridden@^6.0.0:
    version "6.0.0"
    resolved "https://registry.npmjs.org/postcss-discard-overridden/-/postcss-discard-overridden-6.0.0.tgz"
    integrity sha512-4VELwssYXDFigPYAZ8vL4yX4mUepF/oCBeeIT4OXsJPYOtvJumyz9WflmJWTfDwCUcpDR+z0zvCWBXgTx35SVw==
  
  postcss-merge-longhand@^6.0.0:
    version "6.0.0"
    resolved "https://registry.npmjs.org/postcss-merge-longhand/-/postcss-merge-longhand-6.0.0.tgz"
    integrity sha512-4VSfd1lvGkLTLYcxFuISDtWUfFS4zXe0FpF149AyziftPFQIWxjvFSKhA4MIxMe4XM3yTDgQMbSNgzIVxChbIg==
    dependencies:
      postcss-value-parser "^4.2.0"
      stylehacks "^6.0.0"
  
  postcss-merge-rules@^6.0.1:
    version "6.0.1"
    resolved "https://registry.npmjs.org/postcss-merge-rules/-/postcss-merge-rules-6.0.1.tgz"
    integrity sha512-a4tlmJIQo9SCjcfiCcCMg/ZCEe0XTkl/xK0XHBs955GWg9xDX3NwP9pwZ78QUOWB8/0XCjZeJn98Dae0zg6AAw==
    dependencies:
      browserslist "^4.21.4"
      caniuse-api "^3.0.0"
      cssnano-utils "^4.0.0"
      postcss-selector-parser "^6.0.5"
  
  postcss-minify-font-values@^6.0.0:
    version "6.0.0"
    resolved "https://registry.npmjs.org/postcss-minify-font-values/-/postcss-minify-font-values-6.0.0.tgz"
    integrity sha512-zNRAVtyh5E8ndZEYXA4WS8ZYsAp798HiIQ1V2UF/C/munLp2r1UGHwf1+6JFu7hdEhJFN+W1WJQKBrtjhFgEnA==
    dependencies:
      postcss-value-parser "^4.2.0"
  
  postcss-minify-gradients@^6.0.0:
    version "6.0.0"
    resolved "https://registry.npmjs.org/postcss-minify-gradients/-/postcss-minify-gradients-6.0.0.tgz"
    integrity sha512-wO0F6YfVAR+K1xVxF53ueZJza3L+R3E6cp0VwuXJQejnNUH0DjcAFe3JEBeTY1dLwGa0NlDWueCA1VlEfiKgAA==
    dependencies:
      colord "^2.9.1"
      cssnano-utils "^4.0.0"
      postcss-value-parser "^4.2.0"
  
  postcss-minify-params@^6.0.0:
    version "6.0.0"
    resolved "https://registry.npmjs.org/postcss-minify-params/-/postcss-minify-params-6.0.0.tgz"
    integrity sha512-Fz/wMQDveiS0n5JPcvsMeyNXOIMrwF88n7196puSuQSWSa+/Ofc1gDOSY2xi8+A4PqB5dlYCKk/WfqKqsI+ReQ==
    dependencies:
      browserslist "^4.21.4"
      cssnano-utils "^4.0.0"
      postcss-value-parser "^4.2.0"
  
  postcss-minify-selectors@^6.0.0:
    version "6.0.0"
    resolved "https://registry.npmjs.org/postcss-minify-selectors/-/postcss-minify-selectors-6.0.0.tgz"
    integrity sha512-ec/q9JNCOC2CRDNnypipGfOhbYPuUkewGwLnbv6omue/PSASbHSU7s6uSQ0tcFRVv731oMIx8k0SP4ZX6be/0g==
    dependencies:
      postcss-selector-parser "^6.0.5"
  
  postcss-normalize-charset@^6.0.0:
    version "6.0.0"
    resolved "https://registry.npmjs.org/postcss-normalize-charset/-/postcss-normalize-charset-6.0.0.tgz"
    integrity sha512-cqundwChbu8yO/gSWkuFDmKrCZ2vJzDAocheT2JTd0sFNA4HMGoKMfbk2B+J0OmO0t5GUkiAkSM5yF2rSLUjgQ==
  
  postcss-normalize-display-values@^6.0.0:
    version "6.0.0"
    resolved "https://registry.npmjs.org/postcss-normalize-display-values/-/postcss-normalize-display-values-6.0.0.tgz"
    integrity sha512-Qyt5kMrvy7dJRO3OjF7zkotGfuYALETZE+4lk66sziWSPzlBEt7FrUshV6VLECkI4EN8Z863O6Nci4NXQGNzYw==
    dependencies:
      postcss-value-parser "^4.2.0"
  
  postcss-normalize-positions@^6.0.0:
    version "6.0.0"
    resolved "https://registry.npmjs.org/postcss-normalize-positions/-/postcss-normalize-positions-6.0.0.tgz"
    integrity sha512-mPCzhSV8+30FZyWhxi6UoVRYd3ZBJgTRly4hOkaSifo0H+pjDYcii/aVT4YE6QpOil15a5uiv6ftnY3rm0igPg==
    dependencies:
      postcss-value-parser "^4.2.0"
  
  postcss-normalize-repeat-style@^6.0.0:
    version "6.0.0"
    resolved "https://registry.npmjs.org/postcss-normalize-repeat-style/-/postcss-normalize-repeat-style-6.0.0.tgz"
    integrity sha512-50W5JWEBiOOAez2AKBh4kRFm2uhrT3O1Uwdxz7k24aKtbD83vqmcVG7zoIwo6xI2FZ/HDlbrCopXhLeTpQib1A==
    dependencies:
      postcss-value-parser "^4.2.0"
  
  postcss-normalize-string@^6.0.0:
    version "6.0.0"
    resolved "https://registry.npmjs.org/postcss-normalize-string/-/postcss-normalize-string-6.0.0.tgz"
    integrity sha512-KWkIB7TrPOiqb8ZZz6homet2KWKJwIlysF5ICPZrXAylGe2hzX/HSf4NTX2rRPJMAtlRsj/yfkrWGavFuB+c0w==
    dependencies:
      postcss-value-parser "^4.2.0"
  
  postcss-normalize-timing-functions@^6.0.0:
    version "6.0.0"
    resolved "https://registry.npmjs.org/postcss-normalize-timing-functions/-/postcss-normalize-timing-functions-6.0.0.tgz"
    integrity sha512-tpIXWciXBp5CiFs8sem90IWlw76FV4oi6QEWfQwyeREVwUy39VSeSqjAT7X0Qw650yAimYW5gkl2Gd871N5SQg==
    dependencies:
      postcss-value-parser "^4.2.0"
  
  postcss-normalize-unicode@^6.0.0:
    version "6.0.0"
    resolved "https://registry.npmjs.org/postcss-normalize-unicode/-/postcss-normalize-unicode-6.0.0.tgz"
    integrity sha512-ui5crYkb5ubEUDugDc786L/Me+DXp2dLg3fVJbqyAl0VPkAeALyAijF2zOsnZyaS1HyfPuMH0DwyY18VMFVNkg==
    dependencies:
      browserslist "^4.21.4"
      postcss-value-parser "^4.2.0"
  
  postcss-normalize-url@^6.0.0:
    version "6.0.0"
    resolved "https://registry.npmjs.org/postcss-normalize-url/-/postcss-normalize-url-6.0.0.tgz"
    integrity sha512-98mvh2QzIPbb02YDIrYvAg4OUzGH7s1ZgHlD3fIdTHLgPLRpv1ZTKJDnSAKr4Rt21ZQFzwhGMXxpXlfrUBKFHw==
    dependencies:
      postcss-value-parser "^4.2.0"
  
  postcss-normalize-whitespace@^6.0.0:
    version "6.0.0"
    resolved "https://registry.npmjs.org/postcss-normalize-whitespace/-/postcss-normalize-whitespace-6.0.0.tgz"
    integrity sha512-7cfE1AyLiK0+ZBG6FmLziJzqQCpTQY+8XjMhMAz8WSBSCsCNNUKujgIgjCAmDT3cJ+3zjTXFkoD15ZPsckArVw==
    dependencies:
      postcss-value-parser "^4.2.0"
  
  postcss-ordered-values@^6.0.0:
    version "6.0.0"
    resolved "https://registry.npmjs.org/postcss-ordered-values/-/postcss-ordered-values-6.0.0.tgz"
    integrity sha512-K36XzUDpvfG/nWkjs6d1hRBydeIxGpKS2+n+ywlKPzx1nMYDYpoGbcjhj5AwVYJK1qV2/SDoDEnHzlPD6s3nMg==
    dependencies:
      cssnano-utils "^4.0.0"
      postcss-value-parser "^4.2.0"
  
  postcss-reduce-initial@^6.0.0:
    version "6.0.0"
    resolved "https://registry.npmjs.org/postcss-reduce-initial/-/postcss-reduce-initial-6.0.0.tgz"
    integrity sha512-s2UOnidpVuXu6JiiI5U+fV2jamAw5YNA9Fdi/GRK0zLDLCfXmSGqQtzpUPtfN66RtCbb9fFHoyZdQaxOB3WxVA==
    dependencies:
      browserslist "^4.21.4"
      caniuse-api "^3.0.0"
  
  postcss-reduce-transforms@^6.0.0:
    version "6.0.0"
    resolved "https://registry.npmjs.org/postcss-reduce-transforms/-/postcss-reduce-transforms-6.0.0.tgz"
    integrity sha512-FQ9f6xM1homnuy1wLe9lP1wujzxnwt1EwiigtWwuyf8FsqqXUDUp2Ulxf9A5yjlUOTdCJO6lonYjg1mgqIIi2w==
    dependencies:
      postcss-value-parser "^4.2.0"
  
  postcss-selector-parser@^6.0.11, postcss-selector-parser@^6.0.4, postcss-selector-parser@^6.0.5:
    version "6.0.12"
    resolved "https://registry.npmjs.org/postcss-selector-parser/-/postcss-selector-parser-6.0.12.tgz"
    integrity sha512-NdxGCAZdRrwVI1sy59+Wzrh+pMMHxapGnpfenDVlMEXoOcvt4pGE0JLK9YY2F5dLxcFYA/YbVQKhcGU+FtSYQg==
    dependencies:
      cssesc "^3.0.0"
      util-deprecate "^1.0.2"
  
  postcss-svgo@^6.0.0:
    version "6.0.0"
    resolved "https://registry.npmjs.org/postcss-svgo/-/postcss-svgo-6.0.0.tgz"
    integrity sha512-r9zvj/wGAoAIodn84dR/kFqwhINp5YsJkLoujybWG59grR/IHx+uQ2Zo+IcOwM0jskfYX3R0mo+1Kip1VSNcvw==
    dependencies:
      postcss-value-parser "^4.2.0"
      svgo "^3.0.2"
  
  postcss-unique-selectors@^6.0.0:
    version "6.0.0"
    resolved "https://registry.npmjs.org/postcss-unique-selectors/-/postcss-unique-selectors-6.0.0.tgz"
    integrity sha512-EPQzpZNxOxP7777t73RQpZE5e9TrnCrkvp7AH7a0l89JmZiPnS82y216JowHXwpBCQitfyxrof9TK3rYbi7/Yw==
    dependencies:
      postcss-selector-parser "^6.0.5"
  
  postcss-value-parser@^4.2.0:
    version "4.2.0"
    resolved "https://registry.npmjs.org/postcss-value-parser/-/postcss-value-parser-4.2.0.tgz"
    integrity sha512-1NNCs6uurfkVbeXG4S8JFT9t19m45ICnif8zWLd5oPSZ50QnwMfK+H3jv408d4jw/7Bttv5axS5IiHoLaVNHeQ==
  
  postcss@^8.4.21:
    version "8.4.23"
    resolved "https://registry.npmjs.org/postcss/-/postcss-8.4.23.tgz"
    integrity sha512-bQ3qMcpF6A/YjR55xtoTr0jGOlnPOKAIMdOWiv0EIT6HVPEaJiJB4NLljSbiHoC2RX7DN5Uvjtpbg1NPdwv1oA==
    dependencies:
      nanoid "^3.3.6"
      picocolors "^1.0.0"
      source-map-js "^1.0.2"
  
  pretty-error@^4.0.0:
    version "4.0.0"
    resolved "https://registry.npmjs.org/pretty-error/-/pretty-error-4.0.0.tgz"
    integrity sha512-AoJ5YMAcXKYxKhuJGdcvse+Voc6v1RgnsR3nWcYU7q4t6z0Q6T86sv5Zq8VIRbOWWFpvdGE83LtdSMNd+6Y0xw==
    dependencies:
      lodash "^4.17.20"
      renderkid "^3.0.0"
  
  punycode@^2.1.0:
    version "2.3.0"
    resolved "https://registry.npmjs.org/punycode/-/punycode-2.3.0.tgz"
    integrity sha512-rRV+zQD8tVFys26lAGR9WUuS4iUAngJScM+ZRSKtvl5tKeZ2t5bvdNFdNHBW9FWR4guGHlgmsZ1G7BSm2wTbuA==
  
  randombytes@^2.1.0:
    version "2.1.0"
    resolved "https://registry.npmjs.org/randombytes/-/randombytes-2.1.0.tgz"
    integrity sha512-vYl3iOX+4CKUWuxGi9Ukhie6fsqXqS9FE2Zaic4tNFD2N2QQaXOMFbuKK4QmDHC0JO6B1Zp41J0LpT0oR68amQ==
    dependencies:
      safe-buffer "^5.1.0"
  
  rechoir@^0.8.0:
    version "0.8.0"
    resolved "https://registry.npmjs.org/rechoir/-/rechoir-0.8.0.tgz"
    integrity sha512-/vxpCXddiX8NGfGO/mTafwjq4aFa/71pvamip0++IQk3zG8cbCj0fifNPrjjF1XMXUne91jL9OoxmdykoEtifQ==
    dependencies:
      resolve "^1.20.0"
  
  relateurl@^0.2.7:
    version "0.2.7"
    resolved "https://registry.npmjs.org/relateurl/-/relateurl-0.2.7.tgz"
    integrity sha512-G08Dxvm4iDN3MLM0EsP62EDV9IuhXPR6blNz6Utcp7zyV3tr4HVNINt6MpaRWbxoOHT3Q7YN2P+jaHX8vUbgog==
  
  renderkid@^3.0.0:
    version "3.0.0"
    resolved "https://registry.npmjs.org/renderkid/-/renderkid-3.0.0.tgz"
    integrity sha512-q/7VIQA8lmM1hF+jn+sFSPWGlMkSAeNYcPLmDQx2zzuiDfaLrOmumR8iaUKlenFgh0XRPIUeSPlH3A+AW3Z5pg==
    dependencies:
      css-select "^4.1.3"
      dom-converter "^0.2.0"
      htmlparser2 "^6.1.0"
      lodash "^4.17.21"
      strip-ansi "^6.0.1"
  
  require-from-string@^2.0.2:
    version "2.0.2"
    resolved "https://registry.npmjs.org/require-from-string/-/require-from-string-2.0.2.tgz"
    integrity sha512-Xf0nWe6RseziFMu+Ap9biiUbmplq6S9/p+7w7YXP/JBHhrUDDUhwa+vANyubuqfZWTveU//DYVGsDG7RKL/vEw==
  
  resolve-cwd@^3.0.0:
    version "3.0.0"
    resolved "https://registry.npmjs.org/resolve-cwd/-/resolve-cwd-3.0.0.tgz"
    integrity sha512-OrZaX2Mb+rJCpH/6CpSqt9xFVpN++x01XnN2ie9g6P5/3xelLAkXWVADpdz1IHD/KFfEXyE6V0U01OQ3UO2rEg==
    dependencies:
      resolve-from "^5.0.0"
  
  resolve-from@^5.0.0:
    version "5.0.0"
    resolved "https://registry.npmjs.org/resolve-from/-/resolve-from-5.0.0.tgz"
    integrity sha512-qYg9KP24dD5qka9J47d0aVky0N+b4fTU89LN9iDnjB5waksiC49rvMB0PrUJQGoTmH50XPiqOvAjDfaijGxYZw==
  
  resolve@^1.20.0:
    version "1.22.2"
    resolved "https://registry.npmjs.org/resolve/-/resolve-1.22.2.tgz"
    integrity sha512-Sb+mjNHOULsBv818T40qSPeRiuWLyaGMa5ewydRLFimneixmVy2zdivRl+AF6jaYPC8ERxGDmFSiqui6SfPd+g==
    dependencies:
      is-core-module "^2.11.0"
      path-parse "^1.0.7"
      supports-preserve-symlinks-flag "^1.0.0"
  
  rimraf@^2.6.3:
    version "2.7.1"
    resolved "https://registry.npmjs.org/rimraf/-/rimraf-2.7.1.tgz"
    integrity sha512-uWjbaKIK3T1OSVptzX7Nl6PvQ3qAGtKEtVRjRuazjfL3Bx5eI409VZSqgND+4UNnmzLVdPj9FqFJNPqBZFve4w==
    dependencies:
      glob "^7.1.3"
  
  safe-buffer@^5.1.0:
    version "5.2.1"
    resolved "https://registry.npmjs.org/safe-buffer/-/safe-buffer-5.2.1.tgz"
    integrity sha512-rp3So07KcdmmKbGvgaNxQSJr7bGVSVk5S9Eq1F+ppbRo70+YeaDxkw5Dd8NPN+GD6bjnYm2VuPuCXmpuYvmCXQ==
  
  schema-utils@^3.1.1:
    version "3.1.2"
    resolved "https://registry.npmjs.org/schema-utils/-/schema-utils-3.1.2.tgz"
    integrity sha512-pvjEHOgWc9OWA/f/DE3ohBWTD6EleVLf7iFUkoSwAxttdBhB9QUebQgxER2kWueOvRJXPHNnyrvvh9eZINB8Eg==
    dependencies:
      "@types/json-schema" "^7.0.8"
      ajv "^6.12.5"
      ajv-keywords "^3.5.2"
  
  schema-utils@^4.0.0:
    version "4.0.1"
    resolved "https://registry.npmjs.org/schema-utils/-/schema-utils-4.0.1.tgz"
    integrity sha512-lELhBAAly9NowEsX0yZBlw9ahZG+sK/1RJ21EpzdYHKEs13Vku3LJ+MIPhh4sMs0oCCeufZQEQbMekiA4vuVIQ==
    dependencies:
      "@types/json-schema" "^7.0.9"
      ajv "^8.9.0"
      ajv-formats "^2.1.1"
      ajv-keywords "^5.1.0"
  
  serialize-javascript@^6.0.1:
    version "6.0.1"
    resolved "https://registry.npmjs.org/serialize-javascript/-/serialize-javascript-6.0.1.tgz"
    integrity sha512-owoXEFjWRllis8/M1Q+Cw5k8ZH40e3zhp/ovX+Xr/vi1qj6QesbyXXViFbpNvWvPNAD62SutwEXavefrLJWj7w==
    dependencies:
      randombytes "^2.1.0"
  
  shallow-clone@^3.0.0:
    version "3.0.1"
    resolved "https://registry.npmjs.org/shallow-clone/-/shallow-clone-3.0.1.tgz"
    integrity sha512-/6KqX+GVUdqPuPPd2LxDDxzX6CAbjJehAAOKlNpqqUpAqPM6HeL8f+o3a+JsyGjn2lv0WY8UsTgUJjU9Ok55NA==
    dependencies:
      kind-of "^6.0.2"
  
  shebang-command@^2.0.0:
    version "2.0.0"
    resolved "https://registry.npmjs.org/shebang-command/-/shebang-command-2.0.0.tgz"
    integrity sha512-kHxr2zZpYtdmrN1qDjrrX/Z1rR1kG8Dx+gkpK1G4eXmvXswmcE1hTWBWYUzlraYw1/yZp6YuDY77YtvbN0dmDA==
    dependencies:
      shebang-regex "^3.0.0"
  
  shebang-regex@^3.0.0:
    version "3.0.0"
    resolved "https://registry.npmjs.org/shebang-regex/-/shebang-regex-3.0.0.tgz"
    integrity sha512-7++dFhtcx3353uBaq8DDR4NuxBetBzC7ZQOhmTQInHEd6bSrXdiEyzCvG07Z44UYdLShWUyXt5M/yhz8ekcb1A==
  
  source-map-js@^1.0.1, source-map-js@^1.0.2:
    version "1.0.2"
    resolved "https://registry.npmjs.org/source-map-js/-/source-map-js-1.0.2.tgz"
    integrity sha512-R0XvVJ9WusLiqTCEiGCmICCMplcCkIwwR11mOSD9CR5u+IXYdiseeEuXCVAjS54zqwkLcPNnmU4OeJ6tUrWhDw==
  
  source-map-support@~0.5.20:
    version "0.5.21"
    resolved "https://registry.npmjs.org/source-map-support/-/source-map-support-0.5.21.tgz"
    integrity sha512-uBHU3L3czsIyYXKX88fdrGovxdSCoTGDRZ6SYXtSRxLZUzHg5P/66Ht6uoUlHu9EZod+inXhKo3qQgwXUT/y1w==
    dependencies:
      buffer-from "^1.0.0"
      source-map "^0.6.0"
  
  source-map@^0.6.0, source-map@^0.6.1, source-map@~0.6.0:
    version "0.6.1"
    resolved "https://registry.npmjs.org/source-map/-/source-map-0.6.1.tgz"
    integrity sha512-UjgapumWlbMhkBgzT7Ykc5YXUT46F0iKu8SGXq0bcwP5dz/h0Plj6enJqjz1Zbq2l5WaqYnrVbwWOWMyF3F47g==
  
  strip-ansi@^6.0.1:
    version "6.0.1"
    resolved "https://registry.npmjs.org/strip-ansi/-/strip-ansi-6.0.1.tgz"
    integrity sha512-Y38VPSHcqkFrCpFnQ9vuSXmquuv5oXOKpGeT6aGrr3o3Gc9AlVa6JBfUSOCnbxGGZF+/0ooI7KrPuUSztUdU5A==
    dependencies:
      ansi-regex "^5.0.1"
  
  stylehacks@^6.0.0:
    version "6.0.0"
    resolved "https://registry.npmjs.org/stylehacks/-/stylehacks-6.0.0.tgz"
    integrity sha512-+UT589qhHPwz6mTlCLSt/vMNTJx8dopeJlZAlBMJPWA3ORqu6wmQY7FBXf+qD+FsqoBJODyqNxOUP3jdntFRdw==
    dependencies:
      browserslist "^4.21.4"
      postcss-selector-parser "^6.0.4"
  
  supports-color@^7.1.0:
    version "7.2.0"
    resolved "https://registry.npmjs.org/supports-color/-/supports-color-7.2.0.tgz"
    integrity sha512-qpCAvRl9stuOHveKsn7HncJRvv501qIacKzQlO/+Lwxc9+0q2wLyv4Dfvt80/DPn2pqOBsJdDiogXGR9+OvwRw==
    dependencies:
      has-flag "^4.0.0"
  
  supports-color@^8.0.0:
    version "8.1.1"
    resolved "https://registry.npmjs.org/supports-color/-/supports-color-8.1.1.tgz"
    integrity sha512-MpUEN2OodtUzxvKQl72cUF7RQ5EiHsGvSsVG0ia9c5RbWGL2CI4C7EpPS8UTBIplnlzZiNuV56w+FuNxy3ty2Q==
    dependencies:
      has-flag "^4.0.0"
  
  supports-preserve-symlinks-flag@^1.0.0:
    version "1.0.0"
    resolved "https://registry.npmjs.org/supports-preserve-symlinks-flag/-/supports-preserve-symlinks-flag-1.0.0.tgz"
    integrity sha512-ot0WnXS9fgdkgIcePe6RHNk1WA8+muPa6cSjeR3V8K27q9BB1rTE3R1p7Hv0z1ZyAc8s6Vvv8DIyWf681MAt0w==
  
  svgo@^3.0.2:
    version "3.0.2"
    resolved "https://registry.npmjs.org/svgo/-/svgo-3.0.2.tgz"
    integrity sha512-Z706C1U2pb1+JGP48fbazf3KxHrWOsLme6Rv7imFBn5EnuanDW1GPaA/P1/dvObE670JDePC3mnj0k0B7P0jjQ==
    dependencies:
      "@trysound/sax" "0.2.0"
      commander "^7.2.0"
      css-select "^5.1.0"
      css-tree "^2.2.1"
      csso "^5.0.5"
      picocolors "^1.0.0"
  
  tapable@^2.0.0:
    version "2.2.1"
    resolved "https://registry.npmjs.org/tapable/-/tapable-2.2.1.tgz"
    integrity sha512-GNzQvQTOIP6RyTfE2Qxb8ZVlNmw0n88vp1szwWRimP02mnTsx3Wtn5qRdqY9w2XduFNUgvOwhNnQsjwCp+kqaQ==
  
  terser-webpack-plugin@^5.3.8:
    version "5.3.8"
    resolved "https://registry.npmjs.org/terser-webpack-plugin/-/terser-webpack-plugin-5.3.8.tgz"
    integrity sha512-WiHL3ElchZMsK27P8uIUh4604IgJyAW47LVXGbEoB21DbQcZ+OuMpGjVYnEUaqcWM6dO8uS2qUbA7LSCWqvsbg==
    dependencies:
      "@jridgewell/trace-mapping" "^0.3.17"
      jest-worker "^27.4.5"
      schema-utils "^3.1.1"
      serialize-javascript "^6.0.1"
      terser "^5.16.8"
  
  terser@^5.10.0, terser@^5.16.8:
    version "5.17.2"
    resolved "https://registry.npmjs.org/terser/-/terser-5.17.2.tgz"
    integrity sha512-1D1aGbOF1Mnayq5PvfMc0amAR1y5Z1nrZaGCvI5xsdEfZEVte8okonk02OiaK5fw5hG1GWuuVsakOnpZW8y25A==
    dependencies:
      "@jridgewell/source-map" "^0.3.2"
      acorn "^8.5.0"
      commander "^2.20.0"
      source-map-support "~0.5.20"
  
  tslib@^2.0.3:
    version "2.5.0"
    resolved "https://registry.npmjs.org/tslib/-/tslib-2.5.0.tgz"
    integrity sha512-336iVw3rtn2BUK7ORdIAHTyxHGRIHVReokCR3XjbckJMK7ms8FysBfhLR8IXnAgy7T0PTPNBWKiH514FOW/WSg==
  
  update-browserslist-db@^1.0.10:
    version "1.0.11"
    resolved "https://registry.npmjs.org/update-browserslist-db/-/update-browserslist-db-1.0.11.tgz"
    integrity sha512-dCwEFf0/oT85M1fHBg4F0jtLwJrutGoHSQXCh7u4o2t1drG+c0a9Flnqww6XUKSfQMPpJBRjU8d4RXB09qtvaA==
    dependencies:
      escalade "^3.1.1"
      picocolors "^1.0.0"
  
  uri-js@^4.2.2:
    version "4.4.1"
    resolved "https://registry.npmjs.org/uri-js/-/uri-js-4.4.1.tgz"
    integrity sha512-7rKUyy33Q1yc98pQ1DAmLtwX109F7TIfWlW1Ydo8Wl1ii1SeHieeh0HHfPeL2fMXK6z0s8ecKs9frCuLJvndBg==
    dependencies:
      punycode "^2.1.0"
  
  util-deprecate@^1.0.2:
    version "1.0.2"
    resolved "https://registry.npmjs.org/util-deprecate/-/util-deprecate-1.0.2.tgz"
    integrity sha512-EPD5q1uXyFxJpCrLnCc1nHnq3gOa6DZBocAIiI2TaSCA7VCJ1UJDMagCzIkXNsUYfD1daK//LTEQ8xiIbrHtcw==
  
  utila@~0.4:
    version "0.4.0"
    resolved "https://registry.npmjs.org/utila/-/utila-0.4.0.tgz"
    integrity sha512-Z0DbgELS9/L/75wZbro8xAnT50pBVFQZ+hUEueGDU5FN51YSCYM+jdxsfCiHjwNP/4LCDD0i/graKpeBnOXKRA==
  
  webpack-cli@^5.1.0:
    version "5.1.0"
    resolved "https://registry.npmjs.org/webpack-cli/-/webpack-cli-5.1.0.tgz"
    integrity sha512-a7KRJnCxejFoDpYTOwzm5o21ZXMaNqtRlvS183XzGDUPRdVEzJNImcQokqYZ8BNTnk9DkKiuWxw75+DCCoZ26w==
    dependencies:
      "@discoveryjs/json-ext" "^0.5.0"
      "@webpack-cli/configtest" "^2.1.0"
      "@webpack-cli/info" "^2.0.1"
      "@webpack-cli/serve" "^2.0.3"
      colorette "^2.0.14"
      commander "^10.0.1"
      cross-spawn "^7.0.3"
      envinfo "^7.7.3"
      fastest-levenshtein "^1.0.12"
      import-local "^3.0.2"
      interpret "^3.1.1"
      rechoir "^0.8.0"
      webpack-merge "^5.7.3"
  
  webpack-merge@^5.7.3:
    version "5.8.0"
    resolved "https://registry.npmjs.org/webpack-merge/-/webpack-merge-5.8.0.tgz"
    integrity sha512-/SaI7xY0831XwP6kzuwhKWVKDP9t1QY1h65lAFLbZqMPIuYcD9QAW4u9STIbU9kaJbPBB/geU/gLr1wDjOhQ+Q==
    dependencies:
      clone-deep "^4.0.1"
      wildcard "^2.0.0"
  
  which@^2.0.1:
    version "2.0.2"
    resolved "https://registry.npmjs.org/which/-/which-2.0.2.tgz"
    integrity sha512-BLI3Tl1TW3Pvl70l3yq3Y64i+awpwXqsGBYWkkqMtnbXgrMD+yj7rhW0kuEDxzJaYXGjEW5ogapKNMEKNMjibA==
    dependencies:
      isexe "^2.0.0"
  
  wildcard@^2.0.0:
    version "2.0.1"
    resolved "https://registry.npmjs.org/wildcard/-/wildcard-2.0.1.tgz"
    integrity sha512-CC1bOL87PIWSBhDcTrdeLo6eGT7mCFtrg0uIJtqJUFyK+eJnzl8A1niH56uu7KMa5XFrtiV+AQuHO3n7DsHnLQ==
  
  wrappy@1:
    version "1.0.2"
    resolved "https://registry.npmjs.org/wrappy/-/wrappy-1.0.2.tgz"
    integrity sha512-l4Sp/DRseor9wL6EvV2+TuQn63dMkPjZ/sp9XkghTEbV9KlPS1xUsZ3u7/IQO4wxtcFB4bgpQPRcR3QCvezPcQ==
  
  yarn@^1.22.19:
    version "1.22.19"
    resolved "https://registry.npmjs.org/yarn/-/yarn-1.22.19.tgz"
    integrity sha512-/0V5q0WbslqnwP91tirOvldvYISzaqhClxzyUKXYxs07yUILIs5jx/k6CFe8bvKSkds5w+eiOqta39Wk3WxdcQ==
